{"/Users/kazuki/Develop/Own/ReelVault/jest.config.cjs": {"path":"/Users/kazuki/Develop/Own/ReelVault/jest.config.cjs","all":true,"statementMap":{"0":{"start":{"line":1,"column":0},"end":{"line":1,"column":18}},"1":{"start":{"line":2,"column":0},"end":{"line":2,"column":20}},"2":{"start":{"line":3,"column":0},"end":{"line":3,"column":27}},"3":{"start":{"line":4,"column":0},"end":{"line":4,"column":54}},"4":{"start":{"line":5,"column":0},"end":{"line":5,"column":14}},"5":{"start":{"line":6,"column":0},"end":{"line":6,"column":47}},"6":{"start":{"line":7,"column":0},"end":{"line":7,"column":46}},"7":{"start":{"line":8,"column":0},"end":{"line":8,"column":4}},"8":{"start":{"line":9,"column":0},"end":{"line":9,"column":24}},"9":{"start":{"line":10,"column":0},"end":{"line":10,"column":24}},"10":{"start":{"line":11,"column":0},"end":{"line":11,"column":21}},"11":{"start":{"line":12,"column":0},"end":{"line":12,"column":20}},"12":{"start":{"line":13,"column":0},"end":{"line":13,"column":25}},"13":{"start":{"line":14,"column":0},"end":{"line":14,"column":4}},"14":{"start":{"line":15,"column":0},"end":{"line":15,"column":22}},"15":{"start":{"line":16,"column":0},"end":{"line":16,"column":13}},"16":{"start":{"line":17,"column":0},"end":{"line":17,"column":19}},"17":{"start":{"line":18,"column":0},"end":{"line":18,"column":20}},"18":{"start":{"line":19,"column":0},"end":{"line":19,"column":16}},"19":{"start":{"line":20,"column":0},"end":{"line":20,"column":21}},"20":{"start":{"line":21,"column":0},"end":{"line":21,"column":6}},"21":{"start":{"line":22,"column":0},"end":{"line":22,"column":4}},"22":{"start":{"line":23,"column":0},"end":{"line":23,"column":14}},"23":{"start":{"line":24,"column":0},"end":{"line":24,"column":33}},"24":{"start":{"line":25,"column":0},"end":{"line":25,"column":4}},"25":{"start":{"line":26,"column":0},"end":{"line":26,"column":59}},"26":{"start":{"line":27,"column":0},"end":{"line":27,"column":22}},"27":{"start":{"line":28,"column":0},"end":{"line":28,"column":35}},"28":{"start":{"line":29,"column":0},"end":{"line":29,"column":53}},"29":{"start":{"line":30,"column":0},"end":{"line":30,"column":129}},"30":{"start":{"line":31,"column":0},"end":{"line":31,"column":4}},"31":{"start":{"line":32,"column":0},"end":{"line":32,"column":28}},"32":{"start":{"line":33,"column":0},"end":{"line":33,"column":38}},"33":{"start":{"line":34,"column":0},"end":{"line":34,"column":4}},"34":{"start":{"line":35,"column":0},"end":{"line":35,"column":12}},"35":{"start":{"line":36,"column":0},"end":{"line":36,"column":16}},"36":{"start":{"line":37,"column":0},"end":{"line":37,"column":17}},"37":{"start":{"line":38,"column":0},"end":{"line":38,"column":25}},"38":{"start":{"line":39,"column":0},"end":{"line":39,"column":8}},"39":{"start":{"line":40,"column":0},"end":{"line":40,"column":6}},"40":{"start":{"line":41,"column":0},"end":{"line":41,"column":4}},"41":{"start":{"line":42,"column":0},"end":{"line":42,"column":2}}},"s":{"0":0,"1":0,"2":0,"3":0,"4":0,"5":0,"6":0,"7":0,"8":0,"9":0,"10":0,"11":0,"12":0,"13":0,"14":0,"15":0,"16":0,"17":0,"18":0,"19":0,"20":0,"21":0,"22":0,"23":0,"24":0,"25":0,"26":0,"27":0,"28":0,"29":0,"30":0,"31":0,"32":0,"33":0,"34":0,"35":0,"36":0,"37":0,"38":0,"39":0,"40":0,"41":0},"branchMap":{"0":{"type":"branch","line":1,"loc":{"start":{"line":1,"column":1023},"end":{"line":42,"column":2}},"locations":[{"start":{"line":1,"column":1023},"end":{"line":42,"column":2}}]}},"b":{"0":[0]},"fnMap":{"0":{"name":"(empty-report)","decl":{"start":{"line":1,"column":1023},"end":{"line":42,"column":2}},"loc":{"start":{"line":1,"column":1023},"end":{"line":42,"column":2}},"line":1}},"f":{"0":0}}
,"/Users/kazuki/Develop/Own/ReelVault/vite.config.ts": {"path":"/Users/kazuki/Develop/Own/ReelVault/vite.config.ts","all":true,"statementMap":{"0":{"start":{"line":1,"column":0},"end":{"line":1,"column":36}},"1":{"start":{"line":2,"column":0},"end":{"line":2,"column":41}},"3":{"start":{"line":4,"column":0},"end":{"line":4,"column":40}},"6":{"start":{"line":7,"column":0},"end":{"line":7,"column":42}},"7":{"start":{"line":8,"column":0},"end":{"line":8,"column":21}},"11":{"start":{"line":12,"column":0},"end":{"line":12,"column":21}},"13":{"start":{"line":14,"column":0},"end":{"line":14,"column":11}},"14":{"start":{"line":15,"column":0},"end":{"line":15,"column":15}},"15":{"start":{"line":16,"column":0},"end":{"line":16,"column":21}},"16":{"start":{"line":17,"column":0},"end":{"line":17,"column":24}},"17":{"start":{"line":18,"column":0},"end":{"line":18,"column":13}},"18":{"start":{"line":19,"column":0},"end":{"line":19,"column":9}},"19":{"start":{"line":20,"column":0},"end":{"line":20,"column":25}},"20":{"start":{"line":21,"column":0},"end":{"line":21,"column":15}},"21":{"start":{"line":22,"column":0},"end":{"line":22,"column":21}},"22":{"start":{"line":23,"column":0},"end":{"line":23,"column":9}},"23":{"start":{"line":24,"column":0},"end":{"line":24,"column":18}},"24":{"start":{"line":25,"column":0},"end":{"line":25,"column":12}},"26":{"start":{"line":27,"column":0},"end":{"line":27,"column":35}},"27":{"start":{"line":28,"column":0},"end":{"line":28,"column":6}},"28":{"start":{"line":29,"column":0},"end":{"line":29,"column":4}},"30":{"start":{"line":31,"column":0},"end":{"line":31,"column":10}},"32":{"start":{"line":33,"column":0},"end":{"line":33,"column":79}},"34":{"start":{"line":35,"column":0},"end":{"line":35,"column":57}},"36":{"start":{"line":37,"column":0},"end":{"line":37,"column":41}},"37":{"start":{"line":38,"column":0},"end":{"line":38,"column":4}},"40":{"start":{"line":41,"column":0},"end":{"line":41,"column":9}},"41":{"start":{"line":42,"column":0},"end":{"line":42,"column":18}},"42":{"start":{"line":43,"column":0},"end":{"line":43,"column":25}},"43":{"start":{"line":44,"column":0},"end":{"line":44,"column":40}},"44":{"start":{"line":45,"column":0},"end":{"line":45,"column":14}},"45":{"start":{"line":46,"column":0},"end":{"line":46,"column":15}},"46":{"start":{"line":47,"column":0},"end":{"line":47,"column":21}},"47":{"start":{"line":48,"column":0},"end":{"line":48,"column":41}},"48":{"start":{"line":49,"column":0},"end":{"line":49,"column":16}},"49":{"start":{"line":50,"column":0},"end":{"line":50,"column":24}},"50":{"start":{"line":51,"column":0},"end":{"line":51,"column":21}},"51":{"start":{"line":52,"column":0},"end":{"line":52,"column":20}},"52":{"start":{"line":53,"column":0},"end":{"line":53,"column":23}},"53":{"start":{"line":54,"column":0},"end":{"line":54,"column":28}},"54":{"start":{"line":55,"column":0},"end":{"line":55,"column":8}},"55":{"start":{"line":56,"column":0},"end":{"line":56,"column":6}},"56":{"start":{"line":57,"column":0},"end":{"line":57,"column":4}},"57":{"start":{"line":58,"column":0},"end":{"line":58,"column":4}}},"s":{"0":0,"1":0,"3":0,"6":0,"7":0,"11":0,"13":0,"14":0,"15":0,"16":0,"17":0,"18":0,"19":0,"20":0,"21":0,"22":0,"23":0,"24":0,"26":0,"27":0,"28":0,"30":0,"32":0,"34":0,"36":0,"37":0,"40":0,"41":0,"42":0,"43":0,"44":0,"45":0,"46":0,"47":0,"48":0,"49":0,"50":0,"51":0,"52":0,"53":0,"54":0,"55":0,"56":0,"57":0},"branchMap":{"0":{"type":"branch","line":1,"loc":{"start":{"line":1,"column":0},"end":{"line":58,"column":-118}},"locations":[{"start":{"line":1,"column":0},"end":{"line":58,"column":-118}}]}},"b":{"0":[0]},"fnMap":{"0":{"name":"(empty-report)","decl":{"start":{"line":1,"column":0},"end":{"line":58,"column":-118}},"loc":{"start":{"line":1,"column":0},"end":{"line":58,"column":-118}},"line":1}},"f":{"0":0}}
,"/Users/kazuki/Develop/Own/ReelVault/dist/assets/index-Bd0zsiFC.js": {"path":"/Users/kazuki/Develop/Own/ReelVault/dist/assets/index-Bd0zsiFC.js","all":true,"statementMap":{"0":{"start":{"line":1,"column":0},"end":{"line":1,"column":861}},"1":{"start":{"line":2,"column":0},"end":{"line":2,"column":17}},"2":{"start":{"line":3,"column":0},"end":{"line":3,"column":26}},"3":{"start":{"line":4,"column":0},"end":{"line":4,"column":2}},"4":{"start":{"line":5,"column":0},"end":{"line":5,"column":51}},"5":{"start":{"line":6,"column":0},"end":{"line":6,"column":2}},"6":{"start":{"line":7,"column":0},"end":{"line":7,"column":66}},"7":{"start":{"line":8,"column":0},"end":{"line":8,"column":58}},"8":{"start":{"line":9,"column":0},"end":{"line":9,"column":6591}},"9":{"start":{"line":10,"column":0},"end":{"line":10,"column":17}},"10":{"start":{"line":11,"column":0},"end":{"line":11,"column":38}},"11":{"start":{"line":12,"column":0},"end":{"line":12,"column":2}},"12":{"start":{"line":13,"column":0},"end":{"line":13,"column":51}},"13":{"start":{"line":14,"column":0},"end":{"line":14,"column":2}},"14":{"start":{"line":15,"column":0},"end":{"line":15,"column":66}},"15":{"start":{"line":16,"column":0},"end":{"line":16,"column":58}},"16":{"start":{"line":17,"column":0},"end":{"line":17,"column":667}},"17":{"start":{"line":18,"column":0},"end":{"line":18,"column":17}},"18":{"start":{"line":19,"column":0},"end":{"line":19,"column":30}},"19":{"start":{"line":20,"column":0},"end":{"line":20,"column":2}},"20":{"start":{"line":21,"column":0},"end":{"line":21,"column":51}},"21":{"start":{"line":22,"column":0},"end":{"line":22,"column":2}},"22":{"start":{"line":23,"column":0},"end":{"line":23,"column":66}},"23":{"start":{"line":24,"column":0},"end":{"line":24,"column":58}},"24":{"start":{"line":25,"column":0},"end":{"line":25,"column":3898}},"25":{"start":{"line":26,"column":0},"end":{"line":26,"column":17}},"26":{"start":{"line":27,"column":0},"end":{"line":27,"column":30}},"27":{"start":{"line":28,"column":0},"end":{"line":28,"column":2}},"28":{"start":{"line":29,"column":0},"end":{"line":29,"column":51}},"29":{"start":{"line":30,"column":0},"end":{"line":30,"column":2}},"30":{"start":{"line":31,"column":0},"end":{"line":31,"column":66}},"31":{"start":{"line":32,"column":0},"end":{"line":32,"column":58}},"32":{"start":{"line":33,"column":0},"end":{"line":33,"column":6108}},"33":{"start":{"line":34,"column":0},"end":{"line":34,"column":512}},"34":{"start":{"line":35,"column":0},"end":{"line":35,"column":20}},"35":{"start":{"line":36,"column":0},"end":{"line":36,"column":153}},"36":{"start":{"line":37,"column":0},"end":{"line":37,"column":37534}},"37":{"start":{"line":38,"column":0},"end":{"line":38,"column":27957}},"38":{"start":{"line":39,"column":0},"end":{"line":39,"column":37}},"39":{"start":{"line":40,"column":0},"end":{"line":40,"column":68313}},"40":{"start":{"line":41,"column":0},"end":{"line":41,"column":29}},"41":{"start":{"line":42,"column":0},"end":{"line":42,"column":39}},"42":{"start":{"line":43,"column":0},"end":{"line":43,"column":34}},"43":{"start":{"line":44,"column":0},"end":{"line":44,"column":23807}},"44":{"start":{"line":45,"column":0},"end":{"line":45,"column":23}},"45":{"start":{"line":46,"column":0},"end":{"line":46,"column":28448}}},"s":{"0":0,"1":0,"2":0,"3":0,"4":0,"5":0,"6":0,"7":0,"8":0,"9":0,"10":0,"11":0,"12":0,"13":0,"14":0,"15":0,"16":0,"17":0,"18":0,"19":0,"20":0,"21":0,"22":0,"23":0,"24":0,"25":0,"26":0,"27":0,"28":0,"29":0,"30":0,"31":0,"32":0,"33":0,"34":0,"35":0,"36":0,"37":0,"38":0,"39":0,"40":0,"41":0,"42":0,"43":0,"44":0,"45":0},"branchMap":{"0":{"type":"branch","line":1,"loc":{"start":{"line":1,"column":205984},"end":{"line":46,"column":28448}},"locations":[{"start":{"line":1,"column":205984},"end":{"line":46,"column":28448}}]}},"b":{"0":[0]},"fnMap":{"0":{"name":"(empty-report)","decl":{"start":{"line":1,"column":205984},"end":{"line":46,"column":28448}},"loc":{"start":{"line":1,"column":205984},"end":{"line":46,"column":28448}},"line":1}},"f":{"0":0}}
,"/Users/kazuki/Develop/Own/ReelVault/dist/assets/index-DN7WIOrC.js": {"path":"/Users/kazuki/Develop/Own/ReelVault/dist/assets/index-DN7WIOrC.js","all":true,"statementMap":{"0":{"start":{"line":1,"column":0},"end":{"line":1,"column":861}},"1":{"start":{"line":2,"column":0},"end":{"line":2,"column":17}},"2":{"start":{"line":3,"column":0},"end":{"line":3,"column":26}},"3":{"start":{"line":4,"column":0},"end":{"line":4,"column":2}},"4":{"start":{"line":5,"column":0},"end":{"line":5,"column":51}},"5":{"start":{"line":6,"column":0},"end":{"line":6,"column":2}},"6":{"start":{"line":7,"column":0},"end":{"line":7,"column":66}},"7":{"start":{"line":8,"column":0},"end":{"line":8,"column":58}},"8":{"start":{"line":9,"column":0},"end":{"line":9,"column":6591}},"9":{"start":{"line":10,"column":0},"end":{"line":10,"column":17}},"10":{"start":{"line":11,"column":0},"end":{"line":11,"column":38}},"11":{"start":{"line":12,"column":0},"end":{"line":12,"column":2}},"12":{"start":{"line":13,"column":0},"end":{"line":13,"column":51}},"13":{"start":{"line":14,"column":0},"end":{"line":14,"column":2}},"14":{"start":{"line":15,"column":0},"end":{"line":15,"column":66}},"15":{"start":{"line":16,"column":0},"end":{"line":16,"column":58}},"16":{"start":{"line":17,"column":0},"end":{"line":17,"column":667}},"17":{"start":{"line":18,"column":0},"end":{"line":18,"column":17}},"18":{"start":{"line":19,"column":0},"end":{"line":19,"column":30}},"19":{"start":{"line":20,"column":0},"end":{"line":20,"column":2}},"20":{"start":{"line":21,"column":0},"end":{"line":21,"column":51}},"21":{"start":{"line":22,"column":0},"end":{"line":22,"column":2}},"22":{"start":{"line":23,"column":0},"end":{"line":23,"column":66}},"23":{"start":{"line":24,"column":0},"end":{"line":24,"column":58}},"24":{"start":{"line":25,"column":0},"end":{"line":25,"column":3896}},"25":{"start":{"line":26,"column":0},"end":{"line":26,"column":17}},"26":{"start":{"line":27,"column":0},"end":{"line":27,"column":30}},"27":{"start":{"line":28,"column":0},"end":{"line":28,"column":2}},"28":{"start":{"line":29,"column":0},"end":{"line":29,"column":51}},"29":{"start":{"line":30,"column":0},"end":{"line":30,"column":2}},"30":{"start":{"line":31,"column":0},"end":{"line":31,"column":66}},"31":{"start":{"line":32,"column":0},"end":{"line":32,"column":58}},"32":{"start":{"line":33,"column":0},"end":{"line":33,"column":6108}},"33":{"start":{"line":34,"column":0},"end":{"line":34,"column":512}},"34":{"start":{"line":35,"column":0},"end":{"line":35,"column":20}},"35":{"start":{"line":36,"column":0},"end":{"line":36,"column":153}},"36":{"start":{"line":37,"column":0},"end":{"line":37,"column":37534}},"37":{"start":{"line":38,"column":0},"end":{"line":38,"column":27955}},"38":{"start":{"line":39,"column":0},"end":{"line":39,"column":37}},"39":{"start":{"line":40,"column":0},"end":{"line":40,"column":67017}},"40":{"start":{"line":41,"column":0},"end":{"line":41,"column":29}},"41":{"start":{"line":42,"column":0},"end":{"line":42,"column":38}},"42":{"start":{"line":43,"column":0},"end":{"line":43,"column":34}},"43":{"start":{"line":44,"column":0},"end":{"line":44,"column":23111}},"44":{"start":{"line":45,"column":0},"end":{"line":45,"column":23}},"45":{"start":{"line":46,"column":0},"end":{"line":46,"column":33714}}},"s":{"0":0,"1":0,"2":0,"3":0,"4":0,"5":0,"6":0,"7":0,"8":0,"9":0,"10":0,"11":0,"12":0,"13":0,"14":0,"15":0,"16":0,"17":0,"18":0,"19":0,"20":0,"21":0,"22":0,"23":0,"24":0,"25":0,"26":0,"27":0,"28":0,"29":0,"30":0,"31":0,"32":0,"33":0,"34":0,"35":0,"36":0,"37":0,"38":0,"39":0,"40":0,"41":0,"42":0,"43":0,"44":0,"45":0},"branchMap":{"0":{"type":"branch","line":1,"loc":{"start":{"line":1,"column":209253},"end":{"line":46,"column":33714}},"locations":[{"start":{"line":1,"column":209253},"end":{"line":46,"column":33714}}]}},"b":{"0":[0]},"fnMap":{"0":{"name":"(empty-report)","decl":{"start":{"line":1,"column":209253},"end":{"line":46,"column":33714}},"loc":{"start":{"line":1,"column":209253},"end":{"line":46,"column":33714}},"line":1}},"f":{"0":0}}
,"/Users/kazuki/Develop/Own/ReelVault/src/App.tsx": {"path":"/Users/kazuki/Develop/Own/ReelVault/src/App.tsx","all":false,"statementMap":{"0":{"start":{"line":1,"column":0},"end":{"line":1,"column":59}},"1":{"start":{"line":2,"column":0},"end":{"line":2,"column":47}},"2":{"start":{"line":3,"column":0},"end":{"line":3,"column":78}},"3":{"start":{"line":4,"column":0},"end":{"line":4,"column":77}},"4":{"start":{"line":5,"column":0},"end":{"line":5,"column":19}},"6":{"start":{"line":7,"column":0},"end":{"line":7,"column":16}},"7":{"start":{"line":8,"column":0},"end":{"line":8,"column":63}},"8":{"start":{"line":9,"column":0},"end":{"line":9,"column":66}},"9":{"start":{"line":10,"column":0},"end":{"line":10,"column":51}},"10":{"start":{"line":11,"column":0},"end":{"line":11,"column":58}},"11":{"start":{"line":12,"column":0},"end":{"line":12,"column":65}},"13":{"start":{"line":14,"column":0},"end":{"line":14,"column":132}},"14":{"start":{"line":15,"column":0},"end":{"line":15,"column":20}},"15":{"start":{"line":16,"column":0},"end":{"line":16,"column":20}},"16":{"start":{"line":17,"column":0},"end":{"line":17,"column":25}},"17":{"start":{"line":18,"column":0},"end":{"line":18,"column":5}},"20":{"start":{"line":21,"column":0},"end":{"line":21,"column":19}},"21":{"start":{"line":22,"column":0},"end":{"line":22,"column":39}},"22":{"start":{"line":23,"column":0},"end":{"line":23,"column":11}},"23":{"start":{"line":24,"column":0},"end":{"line":24,"column":27}},"24":{"start":{"line":25,"column":0},"end":{"line":25,"column":59}},"25":{"start":{"line":26,"column":0},"end":{"line":26,"column":36}},"26":{"start":{"line":27,"column":0},"end":{"line":27,"column":37}},"27":{"start":{"line":28,"column":0},"end":{"line":28,"column":11}},"28":{"start":{"line":29,"column":0},"end":{"line":29,"column":30}},"29":{"start":{"line":30,"column":0},"end":{"line":30,"column":31}},"30":{"start":{"line":31,"column":0},"end":{"line":31,"column":23}},"31":{"start":{"line":32,"column":0},"end":{"line":32,"column":19}},"32":{"start":{"line":33,"column":0},"end":{"line":33,"column":61}},"33":{"start":{"line":34,"column":0},"end":{"line":34,"column":17}},"34":{"start":{"line":35,"column":0},"end":{"line":35,"column":28}},"35":{"start":{"line":36,"column":0},"end":{"line":36,"column":7}},"36":{"start":{"line":37,"column":0},"end":{"line":37,"column":6}},"37":{"start":{"line":38,"column":0},"end":{"line":38,"column":20}},"38":{"start":{"line":39,"column":0},"end":{"line":39,"column":9}},"41":{"start":{"line":42,"column":0},"end":{"line":42,"column":19}},"42":{"start":{"line":43,"column":0},"end":{"line":43,"column":43}},"44":{"start":{"line":45,"column":0},"end":{"line":45,"column":44}},"45":{"start":{"line":46,"column":0},"end":{"line":46,"column":11}},"46":{"start":{"line":47,"column":0},"end":{"line":47,"column":56}},"47":{"start":{"line":48,"column":0},"end":{"line":48,"column":47}},"48":{"start":{"line":49,"column":0},"end":{"line":49,"column":41}},"49":{"start":{"line":50,"column":0},"end":{"line":50,"column":55}},"50":{"start":{"line":51,"column":0},"end":{"line":51,"column":11}},"51":{"start":{"line":52,"column":0},"end":{"line":52,"column":11}},"52":{"start":{"line":53,"column":0},"end":{"line":53,"column":23}},"53":{"start":{"line":54,"column":0},"end":{"line":54,"column":48}},"54":{"start":{"line":55,"column":0},"end":{"line":55,"column":7}},"55":{"start":{"line":56,"column":0},"end":{"line":56,"column":6}},"57":{"start":{"line":58,"column":0},"end":{"line":58,"column":25}},"59":{"start":{"line":60,"column":0},"end":{"line":60,"column":18}},"60":{"start":{"line":61,"column":0},"end":{"line":61,"column":21}},"61":{"start":{"line":62,"column":0},"end":{"line":62,"column":19}},"62":{"start":{"line":63,"column":0},"end":{"line":63,"column":7}},"63":{"start":{"line":64,"column":0},"end":{"line":64,"column":6}},"64":{"start":{"line":65,"column":0},"end":{"line":65,"column":9}},"67":{"start":{"line":68,"column":0},"end":{"line":68,"column":19}},"68":{"start":{"line":69,"column":0},"end":{"line":69,"column":38}},"69":{"start":{"line":70,"column":0},"end":{"line":70,"column":85}},"70":{"start":{"line":71,"column":0},"end":{"line":71,"column":5}},"71":{"start":{"line":72,"column":0},"end":{"line":72,"column":15}},"73":{"start":{"line":74,"column":0},"end":{"line":74,"column":56}},"74":{"start":{"line":75,"column":0},"end":{"line":75,"column":25}},"75":{"start":{"line":76,"column":0},"end":{"line":76,"column":4}},"77":{"start":{"line":78,"column":0},"end":{"line":78,"column":53}},"78":{"start":{"line":79,"column":0},"end":{"line":79,"column":26}},"79":{"start":{"line":80,"column":0},"end":{"line":80,"column":4}},"81":{"start":{"line":82,"column":0},"end":{"line":82,"column":35}},"83":{"start":{"line":84,"column":0},"end":{"line":84,"column":66}},"84":{"start":{"line":85,"column":0},"end":{"line":85,"column":4}},"86":{"start":{"line":87,"column":0},"end":{"line":87,"column":128}},"87":{"start":{"line":88,"column":0},"end":{"line":88,"column":28}},"88":{"start":{"line":89,"column":0},"end":{"line":89,"column":4}},"90":{"start":{"line":91,"column":0},"end":{"line":91,"column":18}},"91":{"start":{"line":92,"column":0},"end":{"line":92,"column":54}},"92":{"start":{"line":93,"column":0},"end":{"line":93,"column":3}},"94":{"start":{"line":95,"column":0},"end":{"line":95,"column":14}},"95":{"start":{"line":96,"column":0},"end":{"line":96,"column":64}},"96":{"start":{"line":97,"column":0},"end":{"line":97,"column":3}},"98":{"start":{"line":99,"column":0},"end":{"line":99,"column":29}},"99":{"start":{"line":100,"column":0},"end":{"line":100,"column":65}},"100":{"start":{"line":101,"column":0},"end":{"line":101,"column":3}},"102":{"start":{"line":103,"column":0},"end":{"line":103,"column":10}},"103":{"start":{"line":104,"column":0},"end":{"line":104,"column":35}},"104":{"start":{"line":105,"column":0},"end":{"line":105,"column":20}},"105":{"start":{"line":106,"column":0},"end":{"line":106,"column":30}},"106":{"start":{"line":107,"column":0},"end":{"line":107,"column":30}},"107":{"start":{"line":108,"column":0},"end":{"line":108,"column":31}},"108":{"start":{"line":109,"column":0},"end":{"line":109,"column":43}},"109":{"start":{"line":110,"column":0},"end":{"line":110,"column":41}},"110":{"start":{"line":111,"column":0},"end":{"line":111,"column":41}},"111":{"start":{"line":112,"column":0},"end":{"line":112,"column":55}},"112":{"start":{"line":113,"column":0},"end":{"line":113,"column":8}},"115":{"start":{"line":116,"column":0},"end":{"line":116,"column":35}},"116":{"start":{"line":117,"column":0},"end":{"line":117,"column":37}},"118":{"start":{"line":119,"column":0},"end":{"line":119,"column":14}},"120":{"start":{"line":121,"column":0},"end":{"line":121,"column":10}},"122":{"start":{"line":123,"column":0},"end":{"line":123,"column":1}},"124":{"start":{"line":125,"column":0},"end":{"line":125,"column":19}}},"s":{"0":1,"1":1,"2":1,"3":1,"4":1,"6":67,"7":67,"8":67,"9":67,"10":67,"11":67,"13":67,"14":67,"15":67,"16":67,"17":67,"20":67,"21":32,"22":32,"23":32,"24":32,"25":32,"26":32,"27":32,"28":29,"29":29,"30":29,"31":32,"32":2,"33":32,"34":31,"35":31,"36":32,"37":32,"38":67,"41":67,"42":32,"44":32,"45":32,"46":32,"47":1,"48":1,"49":1,"50":1,"51":32,"52":32,"53":1,"54":1,"55":32,"57":32,"59":32,"60":32,"61":31,"62":31,"63":32,"64":67,"67":67,"68":59,"69":26,"70":26,"71":67,"73":67,"74":0,"75":0,"77":67,"78":4,"79":4,"81":67,"83":2,"84":2,"86":67,"87":1,"88":1,"90":67,"91":32,"92":32,"94":67,"95":2,"96":2,"98":67,"99":3,"100":3,"102":30,"103":30,"104":30,"105":30,"106":30,"107":30,"108":30,"109":30,"110":30,"111":30,"112":30,"115":30,"116":1,"118":1,"120":67,"122":67,"124":1},"branchMap":{"0":{"type":"branch","line":7,"loc":{"start":{"line":7,"column":0},"end":{"line":123,"column":1}},"locations":[{"start":{"line":7,"column":0},"end":{"line":123,"column":1}}]},"1":{"type":"branch","line":91,"loc":{"start":{"line":91,"column":17},"end":{"line":93,"column":3}},"locations":[{"start":{"line":91,"column":17},"end":{"line":93,"column":3}}]},"2":{"type":"branch","line":93,"loc":{"start":{"line":93,"column":2},"end":{"line":95,"column":13}},"locations":[{"start":{"line":93,"column":2},"end":{"line":95,"column":13}}]},"3":{"type":"branch","line":95,"loc":{"start":{"line":95,"column":13},"end":{"line":97,"column":3}},"locations":[{"start":{"line":95,"column":13},"end":{"line":97,"column":3}}]},"4":{"type":"branch","line":97,"loc":{"start":{"line":97,"column":2},"end":{"line":99,"column":17}},"locations":[{"start":{"line":97,"column":2},"end":{"line":99,"column":17}}]},"5":{"type":"branch","line":99,"loc":{"start":{"line":99,"column":7},"end":{"line":99,"column":28}},"locations":[{"start":{"line":99,"column":7},"end":{"line":99,"column":28}}]},"6":{"type":"branch","line":99,"loc":{"start":{"line":99,"column":28},"end":{"line":101,"column":3}},"locations":[{"start":{"line":99,"column":28},"end":{"line":101,"column":3}}]},"7":{"type":"branch","line":101,"loc":{"start":{"line":101,"column":2},"end":{"line":116,"column":35}},"locations":[{"start":{"line":101,"column":2},"end":{"line":116,"column":35}}]},"8":{"type":"branch","line":116,"loc":{"start":{"line":116,"column":21},"end":{"line":119,"column":14}},"locations":[{"start":{"line":116,"column":21},"end":{"line":119,"column":14}}]},"9":{"type":"branch","line":21,"loc":{"start":{"line":21,"column":12},"end":{"line":39,"column":5}},"locations":[{"start":{"line":21,"column":12},"end":{"line":39,"column":5}}]},"10":{"type":"branch","line":22,"loc":{"start":{"line":22,"column":26},"end":{"line":37,"column":6}},"locations":[{"start":{"line":22,"column":26},"end":{"line":37,"column":6}}]},"11":{"type":"branch","line":28,"loc":{"start":{"line":28,"column":9},"end":{"line":32,"column":15}},"locations":[{"start":{"line":28,"column":9},"end":{"line":32,"column":15}}]},"12":{"type":"branch","line":32,"loc":{"start":{"line":32,"column":6},"end":{"line":34,"column":8}},"locations":[{"start":{"line":32,"column":6},"end":{"line":34,"column":8}}]},"13":{"type":"branch","line":33,"loc":{"start":{"line":33,"column":30},"end":{"line":33,"column":50}},"locations":[{"start":{"line":33,"column":30},"end":{"line":33,"column":50}}]},"14":{"type":"branch","line":33,"loc":{"start":{"line":33,"column":40},"end":{"line":33,"column":59}},"locations":[{"start":{"line":33,"column":40},"end":{"line":33,"column":59}}]},"15":{"type":"branch","line":34,"loc":{"start":{"line":34,"column":6},"end":{"line":36,"column":7}},"locations":[{"start":{"line":34,"column":6},"end":{"line":36,"column":7}}]},"16":{"type":"branch","line":42,"loc":{"start":{"line":42,"column":12},"end":{"line":65,"column":5}},"locations":[{"start":{"line":42,"column":12},"end":{"line":65,"column":5}}]},"17":{"type":"branch","line":45,"loc":{"start":{"line":45,"column":31},"end":{"line":56,"column":6}},"locations":[{"start":{"line":45,"column":31},"end":{"line":56,"column":6}}]},"18":{"type":"branch","line":52,"loc":{"start":{"line":52,"column":9},"end":{"line":53,"column":15}},"locations":[{"start":{"line":52,"column":9},"end":{"line":53,"column":15}}]},"19":{"type":"branch","line":53,"loc":{"start":{"line":53,"column":6},"end":{"line":55,"column":7}},"locations":[{"start":{"line":53,"column":6},"end":{"line":55,"column":7}}]},"20":{"type":"branch","line":47,"loc":{"start":{"line":47,"column":49},"end":{"line":52,"column":9}},"locations":[{"start":{"line":47,"column":49},"end":{"line":52,"column":9}}]},"21":{"type":"branch","line":60,"loc":{"start":{"line":60,"column":11},"end":{"line":64,"column":6}},"locations":[{"start":{"line":60,"column":11},"end":{"line":64,"column":6}}]},"22":{"type":"branch","line":61,"loc":{"start":{"line":61,"column":20},"end":{"line":63,"column":7}},"locations":[{"start":{"line":61,"column":20},"end":{"line":63,"column":7}}]},"23":{"type":"branch","line":68,"loc":{"start":{"line":68,"column":12},"end":{"line":72,"column":5}},"locations":[{"start":{"line":68,"column":12},"end":{"line":72,"column":5}}]},"24":{"type":"branch","line":69,"loc":{"start":{"line":69,"column":8},"end":{"line":69,"column":37}},"locations":[{"start":{"line":69,"column":8},"end":{"line":69,"column":37}}]},"25":{"type":"branch","line":69,"loc":{"start":{"line":69,"column":37},"end":{"line":71,"column":5}},"locations":[{"start":{"line":69,"column":37},"end":{"line":71,"column":5}}]},"26":{"type":"branch","line":78,"loc":{"start":{"line":78,"column":28},"end":{"line":80,"column":4}},"locations":[{"start":{"line":78,"column":28},"end":{"line":80,"column":4}}]},"27":{"type":"branch","line":82,"loc":{"start":{"line":82,"column":28},"end":{"line":85,"column":4}},"locations":[{"start":{"line":82,"column":28},"end":{"line":85,"column":4}}]},"28":{"type":"branch","line":84,"loc":{"start":{"line":84,"column":56},"end":{"line":84,"column":64}},"locations":[{"start":{"line":84,"column":56},"end":{"line":84,"column":64}}]},"29":{"type":"branch","line":87,"loc":{"start":{"line":87,"column":35},"end":{"line":89,"column":4}},"locations":[{"start":{"line":87,"column":35},"end":{"line":89,"column":4}}]}},"b":{"0":[67],"1":[32],"2":[35],"3":[2],"4":[33],"5":[31],"6":[3],"7":[30],"8":[1],"9":[32],"10":[32],"11":[29],"12":[2],"13":[1],"14":[1],"15":[31],"16":[32],"17":[32],"18":[31],"19":[1],"20":[1],"21":[32],"22":[31],"23":[59],"24":[27],"25":[26],"26":[4],"27":[2],"28":[1],"29":[1]},"fnMap":{"0":{"name":"App","decl":{"start":{"line":7,"column":0},"end":{"line":123,"column":1}},"loc":{"start":{"line":7,"column":0},"end":{"line":123,"column":1}},"line":7},"1":{"name":"initializeApp","decl":{"start":{"line":22,"column":26},"end":{"line":37,"column":6}},"loc":{"start":{"line":22,"column":26},"end":{"line":37,"column":6}},"line":22},"2":{"name":"setupEventListener","decl":{"start":{"line":45,"column":31},"end":{"line":56,"column":6}},"loc":{"start":{"line":45,"column":31},"end":{"line":56,"column":6}},"line":45},"3":{"name":"handleConfigChange","decl":{"start":{"line":74,"column":29},"end":{"line":76,"column":4}},"loc":{"start":{"line":74,"column":29},"end":{"line":76,"column":4}},"line":74},"4":{"name":"handleStateChange","decl":{"start":{"line":78,"column":28},"end":{"line":80,"column":4}},"loc":{"start":{"line":78,"column":28},"end":{"line":80,"column":4}},"line":78},"5":{"name":"handleAuthSuccess","decl":{"start":{"line":82,"column":28},"end":{"line":85,"column":4}},"loc":{"start":{"line":82,"column":28},"end":{"line":85,"column":4}},"line":82},"6":{"name":"handleHealthStatusChange","decl":{"start":{"line":87,"column":35},"end":{"line":89,"column":4}},"loc":{"start":{"line":87,"column":35},"end":{"line":89,"column":4}},"line":87}},"f":{"0":67,"1":32,"2":32,"3":0,"4":4,"5":2,"6":1}}
,"/Users/kazuki/Develop/Own/ReelVault/src/__mocks__/fileMock.js": {"path":"/Users/kazuki/Develop/Own/ReelVault/src/__mocks__/fileMock.js","all":true,"statementMap":{"0":{"start":{"line":1,"column":0},"end":{"line":1,"column":34}}},"s":{"0":0},"branchMap":{"0":{"type":"branch","line":1,"loc":{"start":{"line":1,"column":34},"end":{"line":1,"column":34}},"locations":[{"start":{"line":1,"column":34},"end":{"line":1,"column":34}}]}},"b":{"0":[0]},"fnMap":{"0":{"name":"(empty-report)","decl":{"start":{"line":1,"column":34},"end":{"line":1,"column":34}},"loc":{"start":{"line":1,"column":34},"end":{"line":1,"column":34}},"line":1}},"f":{"0":0}}
,"/Users/kazuki/Develop/Own/ReelVault/src/components/ConfigManager.tsx": {"path":"/Users/kazuki/Develop/Own/ReelVault/src/components/ConfigManager.tsx","all":false,"statementMap":{"0":{"start":{"line":1,"column":0},"end":{"line":1,"column":66}},"33":{"start":{"line":34,"column":0},"end":{"line":34,"column":81}},"34":{"start":{"line":35,"column":0},"end":{"line":35,"column":16}},"35":{"start":{"line":36,"column":0},"end":{"line":36,"column":15}},"36":{"start":{"line":37,"column":0},"end":{"line":37,"column":18}},"37":{"start":{"line":38,"column":0},"end":{"line":38,"column":16}},"38":{"start":{"line":39,"column":0},"end":{"line":39,"column":16}},"39":{"start":{"line":40,"column":0},"end":{"line":40,"column":22}},"40":{"start":{"line":41,"column":0},"end":{"line":41,"column":12}},"41":{"start":{"line":42,"column":0},"end":{"line":42,"column":65}},"42":{"start":{"line":43,"column":0},"end":{"line":43,"column":67}},"44":{"start":{"line":45,"column":0},"end":{"line":45,"column":46}},"45":{"start":{"line":46,"column":0},"end":{"line":46,"column":58}},"46":{"start":{"line":47,"column":0},"end":{"line":47,"column":62}},"47":{"start":{"line":48,"column":0},"end":{"line":48,"column":84}},"48":{"start":{"line":49,"column":0},"end":{"line":49,"column":66}},"51":{"start":{"line":52,"column":0},"end":{"line":52,"column":68}},"52":{"start":{"line":53,"column":0},"end":{"line":53,"column":81}},"55":{"start":{"line":56,"column":0},"end":{"line":56,"column":63}},"58":{"start":{"line":59,"column":0},"end":{"line":59,"column":66}},"61":{"start":{"line":62,"column":0},"end":{"line":62,"column":66}},"62":{"start":{"line":63,"column":0},"end":{"line":63,"column":22}},"63":{"start":{"line":64,"column":0},"end":{"line":64,"column":26}},"64":{"start":{"line":65,"column":0},"end":{"line":65,"column":27}},"65":{"start":{"line":66,"column":0},"end":{"line":66,"column":29}},"66":{"start":{"line":67,"column":0},"end":{"line":67,"column":5}},"67":{"start":{"line":68,"column":0},"end":{"line":68,"column":75}},"68":{"start":{"line":69,"column":0},"end":{"line":69,"column":87}},"69":{"start":{"line":70,"column":0},"end":{"line":70,"column":51}},"70":{"start":{"line":71,"column":0},"end":{"line":71,"column":60}},"71":{"start":{"line":72,"column":0},"end":{"line":72,"column":66}},"74":{"start":{"line":75,"column":0},"end":{"line":75,"column":93}},"75":{"start":{"line":76,"column":0},"end":{"line":76,"column":70}},"77":{"start":{"line":78,"column":0},"end":{"line":78,"column":68}},"81":{"start":{"line":82,"column":0},"end":{"line":82,"column":42}},"84":{"start":{"line":85,"column":0},"end":{"line":85,"column":78}},"85":{"start":{"line":86,"column":0},"end":{"line":86,"column":76}},"86":{"start":{"line":87,"column":0},"end":{"line":87,"column":86}},"89":{"start":{"line":90,"column":0},"end":{"line":90,"column":61}},"90":{"start":{"line":91,"column":0},"end":{"line":91,"column":70}},"91":{"start":{"line":92,"column":0},"end":{"line":92,"column":72}},"92":{"start":{"line":93,"column":0},"end":{"line":93,"column":76}},"93":{"start":{"line":94,"column":0},"end":{"line":94,"column":67}},"94":{"start":{"line":95,"column":0},"end":{"line":95,"column":96}},"95":{"start":{"line":96,"column":0},"end":{"line":96,"column":92}},"96":{"start":{"line":97,"column":0},"end":{"line":97,"column":76}},"100":{"start":{"line":101,"column":0},"end":{"line":101,"column":129}},"101":{"start":{"line":102,"column":0},"end":{"line":102,"column":132}},"104":{"start":{"line":105,"column":0},"end":{"line":105,"column":35}},"105":{"start":{"line":106,"column":0},"end":{"line":106,"column":28}},"106":{"start":{"line":107,"column":0},"end":{"line":107,"column":31}},"107":{"start":{"line":108,"column":0},"end":{"line":108,"column":27}},"108":{"start":{"line":109,"column":0},"end":{"line":109,"column":5}},"109":{"start":{"line":110,"column":0},"end":{"line":110,"column":6}},"111":{"start":{"line":112,"column":0},"end":{"line":112,"column":48}},"112":{"start":{"line":113,"column":0},"end":{"line":113,"column":243}},"113":{"start":{"line":114,"column":0},"end":{"line":114,"column":9}},"114":{"start":{"line":115,"column":0},"end":{"line":115,"column":22}},"115":{"start":{"line":116,"column":0},"end":{"line":116,"column":21}},"116":{"start":{"line":117,"column":0},"end":{"line":117,"column":65}},"117":{"start":{"line":118,"column":0},"end":{"line":118,"column":118}},"118":{"start":{"line":119,"column":0},"end":{"line":119,"column":5}},"119":{"start":{"line":120,"column":0},"end":{"line":120,"column":4}},"121":{"start":{"line":122,"column":0},"end":{"line":122,"column":19}},"122":{"start":{"line":123,"column":0},"end":{"line":123,"column":50}},"123":{"start":{"line":124,"column":0},"end":{"line":124,"column":29}},"124":{"start":{"line":125,"column":0},"end":{"line":125,"column":37}},"125":{"start":{"line":126,"column":0},"end":{"line":126,"column":32}},"128":{"start":{"line":129,"column":0},"end":{"line":129,"column":9}},"129":{"start":{"line":130,"column":0},"end":{"line":130,"column":78}},"130":{"start":{"line":131,"column":0},"end":{"line":131,"column":21}},"131":{"start":{"line":132,"column":0},"end":{"line":132,"column":48}},"132":{"start":{"line":133,"column":0},"end":{"line":133,"column":5}},"133":{"start":{"line":134,"column":0},"end":{"line":134,"column":22}},"135":{"start":{"line":136,"column":0},"end":{"line":136,"column":19}},"136":{"start":{"line":137,"column":0},"end":{"line":137,"column":30}},"137":{"start":{"line":138,"column":0},"end":{"line":138,"column":21}},"140":{"start":{"line":141,"column":0},"end":{"line":141,"column":19}},"141":{"start":{"line":142,"column":0},"end":{"line":142,"column":46}},"142":{"start":{"line":143,"column":0},"end":{"line":143,"column":11}},"143":{"start":{"line":144,"column":0},"end":{"line":144,"column":89}},"144":{"start":{"line":145,"column":0},"end":{"line":145,"column":41}},"145":{"start":{"line":146,"column":0},"end":{"line":146,"column":21}},"147":{"start":{"line":148,"column":0},"end":{"line":148,"column":49}},"148":{"start":{"line":149,"column":0},"end":{"line":149,"column":7}},"149":{"start":{"line":150,"column":0},"end":{"line":150,"column":6}},"151":{"start":{"line":152,"column":0},"end":{"line":152,"column":27}},"152":{"start":{"line":153,"column":0},"end":{"line":153,"column":9}},"155":{"start":{"line":156,"column":0},"end":{"line":156,"column":19}},"156":{"start":{"line":157,"column":0},"end":{"line":157,"column":44}},"158":{"start":{"line":159,"column":0},"end":{"line":159,"column":59}},"159":{"start":{"line":160,"column":0},"end":{"line":160,"column":40}},"160":{"start":{"line":161,"column":0},"end":{"line":161,"column":43}},"161":{"start":{"line":162,"column":0},"end":{"line":162,"column":32}},"163":{"start":{"line":164,"column":0},"end":{"line":164,"column":87}},"165":{"start":{"line":166,"column":0},"end":{"line":166,"column":13}},"166":{"start":{"line":167,"column":0},"end":{"line":167,"column":39}},"168":{"start":{"line":169,"column":0},"end":{"line":169,"column":39}},"169":{"start":{"line":170,"column":0},"end":{"line":170,"column":23}},"170":{"start":{"line":171,"column":0},"end":{"line":171,"column":57}},"172":{"start":{"line":173,"column":0},"end":{"line":173,"column":35}},"173":{"start":{"line":174,"column":0},"end":{"line":174,"column":39}},"174":{"start":{"line":175,"column":0},"end":{"line":175,"column":9}},"175":{"start":{"line":176,"column":0},"end":{"line":176,"column":7}},"176":{"start":{"line":177,"column":0},"end":{"line":177,"column":6}},"179":{"start":{"line":180,"column":0},"end":{"line":180,"column":59}},"181":{"start":{"line":182,"column":0},"end":{"line":182,"column":41}},"182":{"start":{"line":183,"column":0},"end":{"line":183,"column":114}},"185":{"start":{"line":186,"column":0},"end":{"line":186,"column":19}},"187":{"start":{"line":188,"column":0},"end":{"line":188,"column":30}},"188":{"start":{"line":189,"column":0},"end":{"line":189,"column":41}},"189":{"start":{"line":190,"column":0},"end":{"line":190,"column":5}},"192":{"start":{"line":193,"column":0},"end":{"line":193,"column":57}},"193":{"start":{"line":194,"column":0},"end":{"line":194,"column":38}},"194":{"start":{"line":195,"column":0},"end":{"line":195,"column":41}},"196":{"start":{"line":197,"column":0},"end":{"line":197,"column":42}},"198":{"start":{"line":199,"column":0},"end":{"line":199,"column":55}},"199":{"start":{"line":200,"column":0},"end":{"line":200,"column":42}},"200":{"start":{"line":201,"column":0},"end":{"line":201,"column":37}},"201":{"start":{"line":202,"column":0},"end":{"line":202,"column":32}},"203":{"start":{"line":204,"column":0},"end":{"line":204,"column":39}},"205":{"start":{"line":206,"column":0},"end":{"line":206,"column":20}},"206":{"start":{"line":207,"column":0},"end":{"line":207,"column":32}},"207":{"start":{"line":208,"column":0},"end":{"line":208,"column":37}},"208":{"start":{"line":209,"column":0},"end":{"line":209,"column":8}},"209":{"start":{"line":210,"column":0},"end":{"line":210,"column":5}},"210":{"start":{"line":211,"column":0},"end":{"line":211,"column":114}},"213":{"start":{"line":214,"column":0},"end":{"line":214,"column":19}},"214":{"start":{"line":215,"column":0},"end":{"line":215,"column":18}},"215":{"start":{"line":216,"column":0},"end":{"line":216,"column":32}},"216":{"start":{"line":217,"column":0},"end":{"line":217,"column":43}},"217":{"start":{"line":218,"column":0},"end":{"line":218,"column":7}},"218":{"start":{"line":219,"column":0},"end":{"line":219,"column":6}},"219":{"start":{"line":220,"column":0},"end":{"line":220,"column":9}},"222":{"start":{"line":223,"column":0},"end":{"line":223,"column":19}},"223":{"start":{"line":224,"column":0},"end":{"line":224,"column":31}},"224":{"start":{"line":225,"column":0},"end":{"line":225,"column":28}},"225":{"start":{"line":226,"column":0},"end":{"line":226,"column":38}},"226":{"start":{"line":227,"column":0},"end":{"line":227,"column":35}},"227":{"start":{"line":228,"column":0},"end":{"line":228,"column":65}},"228":{"start":{"line":229,"column":0},"end":{"line":229,"column":9}},"229":{"start":{"line":230,"column":0},"end":{"line":230,"column":5}},"230":{"start":{"line":231,"column":0},"end":{"line":231,"column":113}},"235":{"start":{"line":236,"column":0},"end":{"line":236,"column":19}},"237":{"start":{"line":238,"column":0},"end":{"line":238,"column":37}},"238":{"start":{"line":239,"column":0},"end":{"line":239,"column":44}},"239":{"start":{"line":240,"column":0},"end":{"line":240,"column":13}},"240":{"start":{"line":241,"column":0},"end":{"line":241,"column":5}},"242":{"start":{"line":243,"column":0},"end":{"line":243,"column":46}},"243":{"start":{"line":244,"column":0},"end":{"line":244,"column":55}},"244":{"start":{"line":245,"column":0},"end":{"line":245,"column":50}},"246":{"start":{"line":247,"column":0},"end":{"line":247,"column":29}},"247":{"start":{"line":248,"column":0},"end":{"line":248,"column":45}},"248":{"start":{"line":249,"column":0},"end":{"line":249,"column":46}},"249":{"start":{"line":250,"column":0},"end":{"line":250,"column":28}},"250":{"start":{"line":251,"column":0},"end":{"line":251,"column":18}},"252":{"start":{"line":253,"column":0},"end":{"line":253,"column":21}},"253":{"start":{"line":254,"column":0},"end":{"line":254,"column":45}},"254":{"start":{"line":255,"column":0},"end":{"line":255,"column":33}},"255":{"start":{"line":256,"column":0},"end":{"line":256,"column":12}},"256":{"start":{"line":257,"column":0},"end":{"line":257,"column":37}},"257":{"start":{"line":258,"column":0},"end":{"line":258,"column":34}},"258":{"start":{"line":259,"column":0},"end":{"line":259,"column":5}},"259":{"start":{"line":260,"column":0},"end":{"line":260,"column":31}},"262":{"start":{"line":263,"column":0},"end":{"line":263,"column":34}},"263":{"start":{"line":264,"column":0},"end":{"line":264,"column":24}},"265":{"start":{"line":266,"column":0},"end":{"line":266,"column":9}},"266":{"start":{"line":267,"column":0},"end":{"line":267,"column":22}},"267":{"start":{"line":268,"column":0},"end":{"line":268,"column":21}},"268":{"start":{"line":269,"column":0},"end":{"line":269,"column":23}},"271":{"start":{"line":272,"column":0},"end":{"line":272,"column":61}},"272":{"start":{"line":273,"column":0},"end":{"line":273,"column":36}},"273":{"start":{"line":274,"column":0},"end":{"line":274,"column":40}},"274":{"start":{"line":275,"column":0},"end":{"line":275,"column":77}},"275":{"start":{"line":276,"column":0},"end":{"line":276,"column":15}},"276":{"start":{"line":277,"column":0},"end":{"line":277,"column":7}},"279":{"start":{"line":280,"column":0},"end":{"line":280,"column":49}},"280":{"start":{"line":281,"column":0},"end":{"line":281,"column":40}},"281":{"start":{"line":282,"column":0},"end":{"line":282,"column":7}},"283":{"start":{"line":284,"column":0},"end":{"line":284,"column":44}},"284":{"start":{"line":285,"column":0},"end":{"line":285,"column":30}},"285":{"start":{"line":286,"column":0},"end":{"line":286,"column":29}},"288":{"start":{"line":289,"column":0},"end":{"line":289,"column":32}},"289":{"start":{"line":290,"column":0},"end":{"line":290,"column":34}},"292":{"start":{"line":293,"column":0},"end":{"line":293,"column":49}},"293":{"start":{"line":294,"column":0},"end":{"line":294,"column":52}},"294":{"start":{"line":295,"column":0},"end":{"line":295,"column":7}},"296":{"start":{"line":297,"column":0},"end":{"line":297,"column":47}},"297":{"start":{"line":298,"column":0},"end":{"line":298,"column":19}},"298":{"start":{"line":299,"column":0},"end":{"line":299,"column":68}},"299":{"start":{"line":300,"column":0},"end":{"line":300,"column":15}},"300":{"start":{"line":301,"column":0},"end":{"line":301,"column":23}},"301":{"start":{"line":302,"column":0},"end":{"line":302,"column":5}},"302":{"start":{"line":303,"column":0},"end":{"line":303,"column":4}},"305":{"start":{"line":306,"column":0},"end":{"line":306,"column":35}},"306":{"start":{"line":307,"column":0},"end":{"line":307,"column":51}},"307":{"start":{"line":308,"column":0},"end":{"line":308,"column":13}},"308":{"start":{"line":309,"column":0},"end":{"line":309,"column":5}},"310":{"start":{"line":311,"column":0},"end":{"line":311,"column":9}},"311":{"start":{"line":312,"column":0},"end":{"line":312,"column":22}},"312":{"start":{"line":313,"column":0},"end":{"line":313,"column":21}},"313":{"start":{"line":314,"column":0},"end":{"line":314,"column":62}},"314":{"start":{"line":315,"column":0},"end":{"line":315,"column":31}},"315":{"start":{"line":316,"column":0},"end":{"line":316,"column":32}},"316":{"start":{"line":317,"column":0},"end":{"line":317,"column":36}},"317":{"start":{"line":318,"column":0},"end":{"line":318,"column":47}},"318":{"start":{"line":319,"column":0},"end":{"line":319,"column":19}},"319":{"start":{"line":320,"column":0},"end":{"line":320,"column":70}},"320":{"start":{"line":321,"column":0},"end":{"line":321,"column":15}},"321":{"start":{"line":322,"column":0},"end":{"line":322,"column":23}},"322":{"start":{"line":323,"column":0},"end":{"line":323,"column":5}},"323":{"start":{"line":324,"column":0},"end":{"line":324,"column":4}},"326":{"start":{"line":327,"column":0},"end":{"line":327,"column":78}},"327":{"start":{"line":328,"column":0},"end":{"line":328,"column":18}},"328":{"start":{"line":329,"column":0},"end":{"line":329,"column":39}},"329":{"start":{"line":330,"column":0},"end":{"line":330,"column":5}},"331":{"start":{"line":332,"column":0},"end":{"line":332,"column":9}},"332":{"start":{"line":333,"column":0},"end":{"line":333,"column":64}},"333":{"start":{"line":334,"column":0},"end":{"line":334,"column":20}},"334":{"start":{"line":335,"column":0},"end":{"line":335,"column":19}},"335":{"start":{"line":336,"column":0},"end":{"line":336,"column":75}},"336":{"start":{"line":337,"column":0},"end":{"line":337,"column":5}},"337":{"start":{"line":338,"column":0},"end":{"line":338,"column":4}},"346":{"start":{"line":347,"column":0},"end":{"line":347,"column":59}},"347":{"start":{"line":348,"column":0},"end":{"line":348,"column":24}},"349":{"start":{"line":350,"column":0},"end":{"line":350,"column":53}},"350":{"start":{"line":351,"column":0},"end":{"line":351,"column":62}},"352":{"start":{"line":353,"column":0},"end":{"line":353,"column":33}},"353":{"start":{"line":354,"column":0},"end":{"line":354,"column":57}},"355":{"start":{"line":356,"column":0},"end":{"line":356,"column":28}},"356":{"start":{"line":357,"column":0},"end":{"line":357,"column":47}},"357":{"start":{"line":358,"column":0},"end":{"line":358,"column":33}},"358":{"start":{"line":359,"column":0},"end":{"line":359,"column":5}},"359":{"start":{"line":360,"column":0},"end":{"line":360,"column":43}},"361":{"start":{"line":362,"column":0},"end":{"line":362,"column":46}},"362":{"start":{"line":363,"column":0},"end":{"line":363,"column":101}},"364":{"start":{"line":365,"column":0},"end":{"line":365,"column":25}},"367":{"start":{"line":368,"column":0},"end":{"line":368,"column":9}},"368":{"start":{"line":369,"column":0},"end":{"line":369,"column":74}},"371":{"start":{"line":372,"column":0},"end":{"line":372,"column":46}},"372":{"start":{"line":373,"column":0},"end":{"line":373,"column":50}},"373":{"start":{"line":374,"column":0},"end":{"line":374,"column":41}},"374":{"start":{"line":375,"column":0},"end":{"line":375,"column":7}},"375":{"start":{"line":376,"column":0},"end":{"line":376,"column":21}},"376":{"start":{"line":377,"column":0},"end":{"line":377,"column":46}},"377":{"start":{"line":378,"column":0},"end":{"line":378,"column":5}},"381":{"start":{"line":382,"column":0},"end":{"line":382,"column":4}},"384":{"start":{"line":385,"column":0},"end":{"line":385,"column":46}},"385":{"start":{"line":386,"column":0},"end":{"line":386,"column":88}},"386":{"start":{"line":387,"column":0},"end":{"line":387,"column":4}},"388":{"start":{"line":389,"column":0},"end":{"line":389,"column":34}},"389":{"start":{"line":390,"column":0},"end":{"line":390,"column":23}},"390":{"start":{"line":391,"column":0},"end":{"line":391,"column":4}},"392":{"start":{"line":393,"column":0},"end":{"line":393,"column":42}},"393":{"start":{"line":394,"column":0},"end":{"line":394,"column":9}},"394":{"start":{"line":395,"column":0},"end":{"line":395,"column":42}},"395":{"start":{"line":396,"column":0},"end":{"line":396,"column":59}},"396":{"start":{"line":397,"column":0},"end":{"line":397,"column":62}},"398":{"start":{"line":399,"column":0},"end":{"line":399,"column":29}},"399":{"start":{"line":400,"column":0},"end":{"line":400,"column":35}},"400":{"start":{"line":401,"column":0},"end":{"line":401,"column":73}},"401":{"start":{"line":402,"column":0},"end":{"line":402,"column":79}},"402":{"start":{"line":403,"column":0},"end":{"line":403,"column":7}},"403":{"start":{"line":404,"column":0},"end":{"line":404,"column":21}},"404":{"start":{"line":405,"column":0},"end":{"line":405,"column":45}},"405":{"start":{"line":406,"column":0},"end":{"line":406,"column":5}},"406":{"start":{"line":407,"column":0},"end":{"line":407,"column":4}},"408":{"start":{"line":409,"column":0},"end":{"line":409,"column":41}},"409":{"start":{"line":410,"column":0},"end":{"line":410,"column":18}},"410":{"start":{"line":411,"column":0},"end":{"line":411,"column":39}},"411":{"start":{"line":412,"column":0},"end":{"line":412,"column":13}},"412":{"start":{"line":413,"column":0},"end":{"line":413,"column":5}},"414":{"start":{"line":415,"column":0},"end":{"line":415,"column":51}},"415":{"start":{"line":416,"column":0},"end":{"line":416,"column":4}},"417":{"start":{"line":418,"column":0},"end":{"line":418,"column":44}},"418":{"start":{"line":419,"column":0},"end":{"line":419,"column":9}},"419":{"start":{"line":420,"column":0},"end":{"line":420,"column":61}},"420":{"start":{"line":421,"column":0},"end":{"line":421,"column":93}},"421":{"start":{"line":422,"column":0},"end":{"line":422,"column":9}},"422":{"start":{"line":423,"column":0},"end":{"line":423,"column":32}},"423":{"start":{"line":424,"column":0},"end":{"line":424,"column":30}},"424":{"start":{"line":425,"column":0},"end":{"line":425,"column":35}},"426":{"start":{"line":427,"column":0},"end":{"line":427,"column":66}},"427":{"start":{"line":428,"column":0},"end":{"line":428,"column":65}},"428":{"start":{"line":429,"column":0},"end":{"line":429,"column":21}},"429":{"start":{"line":430,"column":0},"end":{"line":430,"column":43}},"430":{"start":{"line":431,"column":0},"end":{"line":431,"column":5}},"431":{"start":{"line":432,"column":0},"end":{"line":432,"column":4}},"433":{"start":{"line":434,"column":0},"end":{"line":434,"column":43}},"434":{"start":{"line":435,"column":0},"end":{"line":435,"column":9}},"435":{"start":{"line":436,"column":0},"end":{"line":436,"column":53}},"436":{"start":{"line":437,"column":0},"end":{"line":437,"column":92}},"437":{"start":{"line":438,"column":0},"end":{"line":438,"column":68}},"439":{"start":{"line":440,"column":0},"end":{"line":440,"column":66}},"440":{"start":{"line":441,"column":0},"end":{"line":441,"column":73}},"442":{"start":{"line":443,"column":0},"end":{"line":443,"column":57}},"443":{"start":{"line":444,"column":0},"end":{"line":444,"column":28}},"444":{"start":{"line":445,"column":0},"end":{"line":445,"column":30}},"445":{"start":{"line":446,"column":0},"end":{"line":446,"column":21}},"446":{"start":{"line":447,"column":0},"end":{"line":447,"column":43}},"447":{"start":{"line":448,"column":0},"end":{"line":448,"column":5}},"448":{"start":{"line":449,"column":0},"end":{"line":449,"column":4}},"450":{"start":{"line":451,"column":0},"end":{"line":451,"column":45}},"451":{"start":{"line":452,"column":0},"end":{"line":452,"column":38}},"454":{"start":{"line":455,"column":0},"end":{"line":455,"column":46}},"455":{"start":{"line":456,"column":0},"end":{"line":456,"column":24}},"456":{"start":{"line":457,"column":0},"end":{"line":457,"column":39}},"457":{"start":{"line":458,"column":0},"end":{"line":458,"column":43}},"458":{"start":{"line":459,"column":0},"end":{"line":459,"column":26}},"459":{"start":{"line":460,"column":0},"end":{"line":460,"column":32}},"460":{"start":{"line":461,"column":0},"end":{"line":461,"column":6}},"462":{"start":{"line":463,"column":0},"end":{"line":463,"column":9}},"464":{"start":{"line":465,"column":0},"end":{"line":465,"column":57}},"465":{"start":{"line":466,"column":0},"end":{"line":466,"column":56}},"468":{"start":{"line":469,"column":0},"end":{"line":469,"column":74}},"469":{"start":{"line":470,"column":0},"end":{"line":470,"column":61}},"472":{"start":{"line":473,"column":0},"end":{"line":473,"column":95}},"473":{"start":{"line":474,"column":0},"end":{"line":474,"column":68}},"476":{"start":{"line":477,"column":0},"end":{"line":477,"column":89}},"477":{"start":{"line":478,"column":0},"end":{"line":478,"column":64}},"480":{"start":{"line":481,"column":0},"end":{"line":481,"column":68}},"481":{"start":{"line":482,"column":0},"end":{"line":482,"column":49}},"483":{"start":{"line":484,"column":0},"end":{"line":484,"column":37}},"485":{"start":{"line":486,"column":0},"end":{"line":486,"column":21}},"486":{"start":{"line":487,"column":0},"end":{"line":487,"column":43}},"487":{"start":{"line":488,"column":0},"end":{"line":488,"column":5}},"488":{"start":{"line":489,"column":0},"end":{"line":489,"column":4}},"490":{"start":{"line":491,"column":0},"end":{"line":491,"column":47}},"491":{"start":{"line":492,"column":0},"end":{"line":492,"column":44}},"494":{"start":{"line":495,"column":0},"end":{"line":495,"column":35}},"495":{"start":{"line":496,"column":0},"end":{"line":496,"column":68}},"496":{"start":{"line":497,"column":0},"end":{"line":497,"column":76}},"497":{"start":{"line":498,"column":0},"end":{"line":498,"column":53}},"498":{"start":{"line":499,"column":0},"end":{"line":499,"column":93}},"499":{"start":{"line":500,"column":0},"end":{"line":500,"column":6}},"501":{"start":{"line":502,"column":0},"end":{"line":502,"column":9}},"503":{"start":{"line":504,"column":0},"end":{"line":504,"column":41}},"504":{"start":{"line":505,"column":0},"end":{"line":505,"column":78}},"505":{"start":{"line":506,"column":0},"end":{"line":506,"column":62}},"508":{"start":{"line":509,"column":0},"end":{"line":509,"column":44}},"509":{"start":{"line":510,"column":0},"end":{"line":510,"column":72}},"510":{"start":{"line":511,"column":0},"end":{"line":511,"column":59}},"513":{"start":{"line":514,"column":0},"end":{"line":514,"column":44}},"514":{"start":{"line":515,"column":0},"end":{"line":515,"column":71}},"515":{"start":{"line":516,"column":0},"end":{"line":516,"column":49}},"518":{"start":{"line":519,"column":0},"end":{"line":519,"column":52}},"519":{"start":{"line":520,"column":0},"end":{"line":520,"column":84}},"520":{"start":{"line":521,"column":0},"end":{"line":521,"column":65}},"523":{"start":{"line":524,"column":0},"end":{"line":524,"column":40}},"524":{"start":{"line":525,"column":0},"end":{"line":525,"column":75}},"525":{"start":{"line":526,"column":0},"end":{"line":526,"column":62}},"527":{"start":{"line":528,"column":0},"end":{"line":528,"column":40}},"528":{"start":{"line":529,"column":0},"end":{"line":529,"column":21}},"529":{"start":{"line":530,"column":0},"end":{"line":530,"column":51}},"530":{"start":{"line":531,"column":0},"end":{"line":531,"column":5}},"531":{"start":{"line":532,"column":0},"end":{"line":532,"column":4}},"534":{"start":{"line":535,"column":0},"end":{"line":535,"column":77}},"535":{"start":{"line":536,"column":0},"end":{"line":536,"column":29}},"536":{"start":{"line":537,"column":0},"end":{"line":537,"column":14}},"537":{"start":{"line":538,"column":0},"end":{"line":538,"column":48}},"538":{"start":{"line":539,"column":0},"end":{"line":539,"column":8}},"539":{"start":{"line":540,"column":0},"end":{"line":540,"column":4}},"541":{"start":{"line":542,"column":0},"end":{"line":542,"column":42}},"542":{"start":{"line":543,"column":0},"end":{"line":543,"column":27}},"543":{"start":{"line":544,"column":0},"end":{"line":544,"column":23}},"544":{"start":{"line":545,"column":0},"end":{"line":545,"column":24}},"545":{"start":{"line":546,"column":0},"end":{"line":546,"column":29}},"547":{"start":{"line":548,"column":0},"end":{"line":548,"column":9}},"548":{"start":{"line":549,"column":0},"end":{"line":549,"column":70}},"549":{"start":{"line":550,"column":0},"end":{"line":550,"column":28}},"550":{"start":{"line":551,"column":0},"end":{"line":551,"column":27}},"552":{"start":{"line":553,"column":0},"end":{"line":553,"column":13}},"553":{"start":{"line":554,"column":0},"end":{"line":554,"column":79}},"554":{"start":{"line":555,"column":0},"end":{"line":555,"column":27}},"555":{"start":{"line":556,"column":0},"end":{"line":556,"column":51}},"557":{"start":{"line":558,"column":0},"end":{"line":558,"column":9}},"558":{"start":{"line":559,"column":0},"end":{"line":559,"column":24}},"559":{"start":{"line":560,"column":0},"end":{"line":560,"column":7}},"560":{"start":{"line":561,"column":0},"end":{"line":561,"column":19}},"561":{"start":{"line":562,"column":0},"end":{"line":562,"column":69}},"562":{"start":{"line":563,"column":0},"end":{"line":563,"column":15}},"563":{"start":{"line":564,"column":0},"end":{"line":564,"column":30}},"564":{"start":{"line":565,"column":0},"end":{"line":565,"column":5}},"565":{"start":{"line":566,"column":0},"end":{"line":566,"column":4}},"567":{"start":{"line":568,"column":0},"end":{"line":568,"column":46}},"568":{"start":{"line":569,"column":0},"end":{"line":569,"column":22}},"569":{"start":{"line":570,"column":0},"end":{"line":570,"column":37}},"570":{"start":{"line":571,"column":0},"end":{"line":571,"column":13}},"571":{"start":{"line":572,"column":0},"end":{"line":572,"column":5}},"573":{"start":{"line":574,"column":0},"end":{"line":574,"column":27}},"574":{"start":{"line":575,"column":0},"end":{"line":575,"column":23}},"575":{"start":{"line":576,"column":0},"end":{"line":576,"column":30}},"576":{"start":{"line":577,"column":0},"end":{"line":577,"column":25}},"577":{"start":{"line":578,"column":0},"end":{"line":578,"column":35}},"578":{"start":{"line":579,"column":0},"end":{"line":579,"column":33}},"579":{"start":{"line":580,"column":0},"end":{"line":580,"column":7}},"581":{"start":{"line":582,"column":0},"end":{"line":582,"column":48}},"583":{"start":{"line":584,"column":0},"end":{"line":584,"column":9}},"585":{"start":{"line":586,"column":0},"end":{"line":586,"column":32}},"586":{"start":{"line":587,"column":0},"end":{"line":587,"column":27}},"587":{"start":{"line":588,"column":0},"end":{"line":588,"column":35}},"588":{"start":{"line":589,"column":0},"end":{"line":589,"column":28}},"589":{"start":{"line":590,"column":0},"end":{"line":590,"column":9}},"592":{"start":{"line":593,"column":0},"end":{"line":593,"column":52}},"593":{"start":{"line":594,"column":0},"end":{"line":594,"column":41}},"594":{"start":{"line":595,"column":0},"end":{"line":595,"column":67}},"595":{"start":{"line":596,"column":0},"end":{"line":596,"column":20}},"596":{"start":{"line":597,"column":0},"end":{"line":597,"column":22}},"597":{"start":{"line":598,"column":0},"end":{"line":598,"column":58}},"598":{"start":{"line":599,"column":0},"end":{"line":599,"column":75}},"599":{"start":{"line":600,"column":0},"end":{"line":600,"column":14}},"600":{"start":{"line":601,"column":0},"end":{"line":601,"column":11}},"601":{"start":{"line":602,"column":0},"end":{"line":602,"column":22}},"602":{"start":{"line":603,"column":0},"end":{"line":603,"column":11}},"603":{"start":{"line":604,"column":0},"end":{"line":604,"column":15}},"605":{"start":{"line":606,"column":0},"end":{"line":606,"column":85}},"608":{"start":{"line":609,"column":0},"end":{"line":609,"column":30}},"609":{"start":{"line":610,"column":0},"end":{"line":610,"column":41}},"610":{"start":{"line":611,"column":0},"end":{"line":611,"column":7}},"612":{"start":{"line":613,"column":0},"end":{"line":613,"column":33}},"615":{"start":{"line":616,"column":0},"end":{"line":616,"column":27}},"616":{"start":{"line":617,"column":0},"end":{"line":617,"column":34}},"617":{"start":{"line":618,"column":0},"end":{"line":618,"column":30}},"618":{"start":{"line":619,"column":0},"end":{"line":619,"column":47}},"619":{"start":{"line":620,"column":0},"end":{"line":620,"column":11}},"621":{"start":{"line":622,"column":0},"end":{"line":622,"column":86}},"624":{"start":{"line":625,"column":0},"end":{"line":625,"column":78}},"627":{"start":{"line":628,"column":0},"end":{"line":628,"column":13}},"628":{"start":{"line":629,"column":0},"end":{"line":629,"column":41}},"629":{"start":{"line":630,"column":0},"end":{"line":630,"column":22}},"630":{"start":{"line":631,"column":0},"end":{"line":631,"column":31}},"631":{"start":{"line":632,"column":0},"end":{"line":632,"column":41}},"632":{"start":{"line":633,"column":0},"end":{"line":633,"column":45}},"633":{"start":{"line":634,"column":0},"end":{"line":634,"column":13}},"634":{"start":{"line":635,"column":0},"end":{"line":635,"column":13}},"637":{"start":{"line":638,"column":0},"end":{"line":638,"column":26}},"638":{"start":{"line":639,"column":0},"end":{"line":639,"column":22}},"639":{"start":{"line":640,"column":0},"end":{"line":640,"column":31}},"640":{"start":{"line":641,"column":0},"end":{"line":641,"column":41}},"641":{"start":{"line":642,"column":0},"end":{"line":642,"column":45}},"642":{"start":{"line":643,"column":0},"end":{"line":643,"column":13}},"643":{"start":{"line":644,"column":0},"end":{"line":644,"column":13}},"645":{"start":{"line":646,"column":0},"end":{"line":646,"column":67}},"647":{"start":{"line":648,"column":0},"end":{"line":648,"column":36}},"648":{"start":{"line":649,"column":0},"end":{"line":649,"column":32}},"649":{"start":{"line":650,"column":0},"end":{"line":650,"column":51}},"650":{"start":{"line":651,"column":0},"end":{"line":651,"column":13}},"653":{"start":{"line":654,"column":0},"end":{"line":654,"column":28}},"654":{"start":{"line":655,"column":0},"end":{"line":655,"column":38}},"655":{"start":{"line":656,"column":0},"end":{"line":656,"column":34}},"656":{"start":{"line":657,"column":0},"end":{"line":657,"column":56}},"657":{"start":{"line":658,"column":0},"end":{"line":658,"column":15}},"658":{"start":{"line":659,"column":0},"end":{"line":659,"column":58}},"661":{"start":{"line":662,"column":0},"end":{"line":662,"column":30}},"662":{"start":{"line":663,"column":0},"end":{"line":663,"column":75}},"663":{"start":{"line":664,"column":0},"end":{"line":664,"column":21}},"664":{"start":{"line":665,"column":0},"end":{"line":665,"column":19}},"667":{"start":{"line":668,"column":0},"end":{"line":668,"column":34}},"668":{"start":{"line":669,"column":0},"end":{"line":669,"column":17}},"669":{"start":{"line":670,"column":0},"end":{"line":670,"column":43}},"670":{"start":{"line":671,"column":0},"end":{"line":671,"column":27}},"671":{"start":{"line":672,"column":0},"end":{"line":672,"column":60}},"672":{"start":{"line":673,"column":0},"end":{"line":673,"column":13}},"673":{"start":{"line":674,"column":0},"end":{"line":674,"column":19}},"676":{"start":{"line":677,"column":0},"end":{"line":677,"column":110}},"677":{"start":{"line":678,"column":0},"end":{"line":678,"column":51}},"679":{"start":{"line":680,"column":0},"end":{"line":680,"column":29}},"680":{"start":{"line":681,"column":0},"end":{"line":681,"column":58}},"682":{"start":{"line":683,"column":0},"end":{"line":683,"column":120}},"683":{"start":{"line":684,"column":0},"end":{"line":684,"column":9}},"684":{"start":{"line":685,"column":0},"end":{"line":685,"column":7}},"685":{"start":{"line":686,"column":0},"end":{"line":686,"column":19}},"687":{"start":{"line":688,"column":0},"end":{"line":688,"column":30}},"688":{"start":{"line":689,"column":0},"end":{"line":689,"column":41}},"689":{"start":{"line":690,"column":0},"end":{"line":690,"column":7}},"691":{"start":{"line":692,"column":0},"end":{"line":692,"column":32}},"692":{"start":{"line":693,"column":0},"end":{"line":693,"column":28}},"693":{"start":{"line":694,"column":0},"end":{"line":694,"column":38}},"694":{"start":{"line":695,"column":0},"end":{"line":695,"column":9}},"696":{"start":{"line":697,"column":0},"end":{"line":697,"column":78}},"699":{"start":{"line":700,"column":0},"end":{"line":700,"column":24}},"700":{"start":{"line":701,"column":0},"end":{"line":701,"column":69}},"701":{"start":{"line":702,"column":0},"end":{"line":702,"column":15}},"702":{"start":{"line":703,"column":0},"end":{"line":703,"column":15}},"703":{"start":{"line":704,"column":0},"end":{"line":704,"column":30}},"704":{"start":{"line":705,"column":0},"end":{"line":705,"column":5}},"705":{"start":{"line":706,"column":0},"end":{"line":706,"column":4}},"709":{"start":{"line":710,"column":0},"end":{"line":710,"column":57}},"710":{"start":{"line":711,"column":0},"end":{"line":711,"column":45}},"711":{"start":{"line":712,"column":0},"end":{"line":712,"column":53}},"712":{"start":{"line":713,"column":0},"end":{"line":713,"column":31}},"713":{"start":{"line":714,"column":0},"end":{"line":714,"column":81}},"714":{"start":{"line":715,"column":0},"end":{"line":715,"column":5}},"716":{"start":{"line":717,"column":0},"end":{"line":717,"column":44}},"717":{"start":{"line":718,"column":0},"end":{"line":718,"column":52}},"719":{"start":{"line":720,"column":0},"end":{"line":720,"column":33}},"720":{"start":{"line":721,"column":0},"end":{"line":721,"column":39}},"721":{"start":{"line":722,"column":0},"end":{"line":722,"column":13}},"722":{"start":{"line":723,"column":0},"end":{"line":723,"column":5}},"724":{"start":{"line":725,"column":0},"end":{"line":725,"column":32}},"726":{"start":{"line":727,"column":0},"end":{"line":727,"column":9}},"727":{"start":{"line":728,"column":0},"end":{"line":728,"column":82}},"728":{"start":{"line":729,"column":0},"end":{"line":729,"column":71}},"729":{"start":{"line":730,"column":0},"end":{"line":730,"column":56}},"730":{"start":{"line":731,"column":0},"end":{"line":731,"column":33}},"732":{"start":{"line":733,"column":0},"end":{"line":733,"column":21}},"733":{"start":{"line":734,"column":0},"end":{"line":734,"column":19}},"734":{"start":{"line":735,"column":0},"end":{"line":735,"column":61}},"735":{"start":{"line":736,"column":0},"end":{"line":736,"column":49}},"736":{"start":{"line":737,"column":0},"end":{"line":737,"column":88}},"738":{"start":{"line":739,"column":0},"end":{"line":739,"column":29}},"739":{"start":{"line":740,"column":0},"end":{"line":740,"column":31}},"740":{"start":{"line":741,"column":0},"end":{"line":741,"column":15}},"741":{"start":{"line":742,"column":0},"end":{"line":742,"column":35}},"742":{"start":{"line":743,"column":0},"end":{"line":743,"column":5}},"743":{"start":{"line":744,"column":0},"end":{"line":744,"column":4}},"748":{"start":{"line":749,"column":0},"end":{"line":749,"column":62}},"749":{"start":{"line":750,"column":0},"end":{"line":750,"column":9}},"750":{"start":{"line":751,"column":0},"end":{"line":751,"column":57}},"751":{"start":{"line":752,"column":0},"end":{"line":752,"column":46}},"752":{"start":{"line":753,"column":0},"end":{"line":753,"column":52}},"753":{"start":{"line":754,"column":0},"end":{"line":754,"column":20}},"754":{"start":{"line":755,"column":0},"end":{"line":755,"column":7}},"756":{"start":{"line":757,"column":0},"end":{"line":757,"column":86}},"759":{"start":{"line":760,"column":0},"end":{"line":760,"column":54}},"760":{"start":{"line":761,"column":0},"end":{"line":761,"column":74}},"761":{"start":{"line":762,"column":0},"end":{"line":762,"column":71}},"763":{"start":{"line":764,"column":0},"end":{"line":764,"column":37}},"764":{"start":{"line":765,"column":0},"end":{"line":765,"column":37}},"765":{"start":{"line":766,"column":0},"end":{"line":766,"column":37}},"767":{"start":{"line":768,"column":0},"end":{"line":768,"column":21}},"768":{"start":{"line":769,"column":0},"end":{"line":769,"column":90}},"769":{"start":{"line":770,"column":0},"end":{"line":770,"column":14}},"770":{"start":{"line":771,"column":0},"end":{"line":771,"column":85}},"771":{"start":{"line":772,"column":0},"end":{"line":772,"column":7}},"773":{"start":{"line":774,"column":0},"end":{"line":774,"column":21}},"774":{"start":{"line":775,"column":0},"end":{"line":775,"column":19}},"775":{"start":{"line":776,"column":0},"end":{"line":776,"column":48}},"776":{"start":{"line":777,"column":0},"end":{"line":777,"column":35}},"777":{"start":{"line":778,"column":0},"end":{"line":778,"column":19}},"778":{"start":{"line":779,"column":0},"end":{"line":779,"column":5}},"779":{"start":{"line":780,"column":0},"end":{"line":780,"column":4}},"782":{"start":{"line":783,"column":0},"end":{"line":783,"column":37}},"783":{"start":{"line":784,"column":0},"end":{"line":784,"column":56}},"784":{"start":{"line":785,"column":0},"end":{"line":785,"column":38}},"785":{"start":{"line":786,"column":0},"end":{"line":786,"column":41}},"786":{"start":{"line":787,"column":0},"end":{"line":787,"column":51}},"787":{"start":{"line":788,"column":0},"end":{"line":788,"column":13}},"788":{"start":{"line":789,"column":0},"end":{"line":789,"column":5}},"790":{"start":{"line":791,"column":0},"end":{"line":791,"column":32}},"791":{"start":{"line":792,"column":0},"end":{"line":792,"column":26}},"793":{"start":{"line":794,"column":0},"end":{"line":794,"column":9}},"794":{"start":{"line":795,"column":0},"end":{"line":795,"column":54}},"795":{"start":{"line":796,"column":0},"end":{"line":796,"column":56}},"796":{"start":{"line":797,"column":0},"end":{"line":797,"column":18}},"797":{"start":{"line":798,"column":0},"end":{"line":798,"column":27}},"798":{"start":{"line":799,"column":0},"end":{"line":799,"column":8}},"800":{"start":{"line":801,"column":0},"end":{"line":801,"column":28}},"801":{"start":{"line":802,"column":0},"end":{"line":802,"column":36}},"802":{"start":{"line":803,"column":0},"end":{"line":803,"column":60}},"803":{"start":{"line":804,"column":0},"end":{"line":804,"column":19}},"804":{"start":{"line":805,"column":0},"end":{"line":805,"column":58}},"805":{"start":{"line":806,"column":0},"end":{"line":806,"column":36}},"806":{"start":{"line":807,"column":0},"end":{"line":807,"column":43}},"807":{"start":{"line":808,"column":0},"end":{"line":808,"column":15}},"808":{"start":{"line":809,"column":0},"end":{"line":809,"column":35}},"809":{"start":{"line":810,"column":0},"end":{"line":810,"column":5}},"810":{"start":{"line":811,"column":0},"end":{"line":811,"column":4}},"813":{"start":{"line":814,"column":0},"end":{"line":814,"column":49}},"814":{"start":{"line":815,"column":0},"end":{"line":815,"column":27}},"815":{"start":{"line":816,"column":0},"end":{"line":816,"column":28}},"816":{"start":{"line":817,"column":0},"end":{"line":817,"column":4}},"818":{"start":{"line":819,"column":0},"end":{"line":819,"column":53}},"819":{"start":{"line":820,"column":0},"end":{"line":820,"column":31}},"820":{"start":{"line":821,"column":0},"end":{"line":821,"column":26}},"823":{"start":{"line":824,"column":0},"end":{"line":824,"column":25}},"826":{"start":{"line":827,"column":0},"end":{"line":827,"column":22}},"827":{"start":{"line":828,"column":0},"end":{"line":828,"column":27}},"828":{"start":{"line":829,"column":0},"end":{"line":829,"column":13}},"829":{"start":{"line":830,"column":0},"end":{"line":830,"column":4}},"832":{"start":{"line":833,"column":0},"end":{"line":833,"column":42}},"833":{"start":{"line":834,"column":0},"end":{"line":834,"column":61}},"835":{"start":{"line":836,"column":0},"end":{"line":836,"column":9}},"837":{"start":{"line":838,"column":0},"end":{"line":838,"column":100}},"839":{"start":{"line":840,"column":0},"end":{"line":840,"column":44}},"841":{"start":{"line":842,"column":0},"end":{"line":842,"column":102}},"844":{"start":{"line":845,"column":0},"end":{"line":845,"column":43}},"845":{"start":{"line":846,"column":0},"end":{"line":846,"column":13}},"847":{"start":{"line":848,"column":0},"end":{"line":848,"column":77}},"848":{"start":{"line":849,"column":0},"end":{"line":849,"column":54}},"849":{"start":{"line":850,"column":0},"end":{"line":850,"column":62}},"850":{"start":{"line":851,"column":0},"end":{"line":851,"column":40}},"851":{"start":{"line":852,"column":0},"end":{"line":852,"column":69}},"852":{"start":{"line":853,"column":0},"end":{"line":853,"column":14}},"854":{"start":{"line":855,"column":0},"end":{"line":855,"column":48}},"855":{"start":{"line":856,"column":0},"end":{"line":856,"column":35}},"856":{"start":{"line":857,"column":0},"end":{"line":857,"column":35}},"857":{"start":{"line":858,"column":0},"end":{"line":858,"column":44}},"858":{"start":{"line":859,"column":0},"end":{"line":859,"column":36}},"859":{"start":{"line":860,"column":0},"end":{"line":860,"column":15}},"860":{"start":{"line":861,"column":0},"end":{"line":861,"column":95}},"861":{"start":{"line":862,"column":0},"end":{"line":862,"column":35}},"862":{"start":{"line":863,"column":0},"end":{"line":863,"column":47}},"863":{"start":{"line":864,"column":0},"end":{"line":864,"column":44}},"864":{"start":{"line":865,"column":0},"end":{"line":865,"column":94}},"865":{"start":{"line":866,"column":0},"end":{"line":866,"column":15}},"866":{"start":{"line":867,"column":0},"end":{"line":867,"column":12}},"867":{"start":{"line":868,"column":0},"end":{"line":868,"column":23}},"868":{"start":{"line":869,"column":0},"end":{"line":869,"column":55}},"869":{"start":{"line":870,"column":0},"end":{"line":870,"column":9}},"870":{"start":{"line":871,"column":0},"end":{"line":871,"column":7}},"872":{"start":{"line":873,"column":0},"end":{"line":873,"column":34}},"873":{"start":{"line":874,"column":0},"end":{"line":874,"column":19}},"874":{"start":{"line":875,"column":0},"end":{"line":875,"column":39}},"875":{"start":{"line":876,"column":0},"end":{"line":876,"column":5}},"876":{"start":{"line":877,"column":0},"end":{"line":877,"column":4}},"879":{"start":{"line":880,"column":0},"end":{"line":880,"column":19}},"880":{"start":{"line":881,"column":0},"end":{"line":881,"column":35}},"881":{"start":{"line":882,"column":0},"end":{"line":882,"column":57}},"882":{"start":{"line":883,"column":0},"end":{"line":883,"column":38}},"883":{"start":{"line":884,"column":0},"end":{"line":884,"column":35}},"884":{"start":{"line":885,"column":0},"end":{"line":885,"column":30}},"885":{"start":{"line":886,"column":0},"end":{"line":886,"column":22}},"886":{"start":{"line":887,"column":0},"end":{"line":887,"column":5}},"887":{"start":{"line":888,"column":0},"end":{"line":888,"column":93}},"937":{"start":{"line":938,"column":0},"end":{"line":938,"column":44}},"938":{"start":{"line":939,"column":0},"end":{"line":939,"column":38}},"940":{"start":{"line":941,"column":0},"end":{"line":941,"column":82}},"941":{"start":{"line":942,"column":0},"end":{"line":942,"column":85}},"942":{"start":{"line":943,"column":0},"end":{"line":943,"column":85}},"944":{"start":{"line":945,"column":0},"end":{"line":945,"column":30}},"945":{"start":{"line":946,"column":0},"end":{"line":946,"column":31}},"946":{"start":{"line":947,"column":0},"end":{"line":947,"column":7}},"948":{"start":{"line":949,"column":0},"end":{"line":949,"column":25}},"950":{"start":{"line":951,"column":0},"end":{"line":951,"column":26}},"951":{"start":{"line":952,"column":0},"end":{"line":952,"column":20}},"952":{"start":{"line":953,"column":0},"end":{"line":953,"column":50}},"953":{"start":{"line":954,"column":0},"end":{"line":954,"column":16}},"954":{"start":{"line":955,"column":0},"end":{"line":955,"column":20}},"955":{"start":{"line":956,"column":0},"end":{"line":956,"column":39}},"956":{"start":{"line":957,"column":0},"end":{"line":957,"column":16}},"957":{"start":{"line":958,"column":0},"end":{"line":958,"column":20}},"958":{"start":{"line":959,"column":0},"end":{"line":959,"column":52}},"959":{"start":{"line":960,"column":0},"end":{"line":960,"column":52}},"960":{"start":{"line":961,"column":0},"end":{"line":961,"column":48}},"961":{"start":{"line":962,"column":0},"end":{"line":962,"column":16}},"962":{"start":{"line":963,"column":0},"end":{"line":963,"column":24}},"963":{"start":{"line":964,"column":0},"end":{"line":964,"column":97}},"964":{"start":{"line":965,"column":0},"end":{"line":965,"column":16}},"965":{"start":{"line":966,"column":0},"end":{"line":966,"column":7}},"967":{"start":{"line":968,"column":0},"end":{"line":968,"column":64}},"968":{"start":{"line":969,"column":0},"end":{"line":969,"column":7}},"969":{"start":{"line":970,"column":0},"end":{"line":970,"column":4}},"972":{"start":{"line":973,"column":0},"end":{"line":973,"column":50}},"973":{"start":{"line":974,"column":0},"end":{"line":974,"column":53}},"975":{"start":{"line":976,"column":0},"end":{"line":976,"column":27}},"976":{"start":{"line":977,"column":0},"end":{"line":977,"column":46}},"977":{"start":{"line":978,"column":0},"end":{"line":978,"column":34}},"978":{"start":{"line":979,"column":0},"end":{"line":979,"column":34}},"979":{"start":{"line":980,"column":0},"end":{"line":980,"column":7}},"980":{"start":{"line":981,"column":0},"end":{"line":981,"column":38}},"981":{"start":{"line":982,"column":0},"end":{"line":982,"column":7}},"984":{"start":{"line":985,"column":0},"end":{"line":985,"column":40}},"985":{"start":{"line":986,"column":0},"end":{"line":986,"column":43}},"986":{"start":{"line":987,"column":0},"end":{"line":987,"column":7}},"988":{"start":{"line":989,"column":0},"end":{"line":989,"column":18}},"989":{"start":{"line":990,"column":0},"end":{"line":990,"column":4}},"992":{"start":{"line":993,"column":0},"end":{"line":993,"column":55}},"993":{"start":{"line":994,"column":0},"end":{"line":994,"column":92}},"994":{"start":{"line":995,"column":0},"end":{"line":995,"column":27}},"996":{"start":{"line":997,"column":0},"end":{"line":997,"column":27}},"997":{"start":{"line":998,"column":0},"end":{"line":998,"column":54}},"998":{"start":{"line":999,"column":0},"end":{"line":999,"column":105}},"1000":{"start":{"line":1001,"column":0},"end":{"line":1001,"column":35}},"1001":{"start":{"line":1002,"column":0},"end":{"line":1002,"column":28}},"1002":{"start":{"line":1003,"column":0},"end":{"line":1003,"column":51}},"1003":{"start":{"line":1004,"column":0},"end":{"line":1004,"column":56}},"1004":{"start":{"line":1005,"column":0},"end":{"line":1005,"column":115}},"1005":{"start":{"line":1006,"column":0},"end":{"line":1006,"column":34}},"1006":{"start":{"line":1007,"column":0},"end":{"line":1007,"column":37}},"1007":{"start":{"line":1008,"column":0},"end":{"line":1008,"column":55}},"1008":{"start":{"line":1009,"column":0},"end":{"line":1009,"column":35}},"1009":{"start":{"line":1010,"column":0},"end":{"line":1010,"column":14}},"1010":{"start":{"line":1011,"column":0},"end":{"line":1011,"column":11}},"1011":{"start":{"line":1012,"column":0},"end":{"line":1012,"column":16}},"1012":{"start":{"line":1013,"column":0},"end":{"line":1013,"column":27}},"1013":{"start":{"line":1014,"column":0},"end":{"line":1014,"column":44}},"1014":{"start":{"line":1015,"column":0},"end":{"line":1015,"column":55}},"1015":{"start":{"line":1016,"column":0},"end":{"line":1016,"column":104}},"1016":{"start":{"line":1017,"column":0},"end":{"line":1017,"column":34}},"1017":{"start":{"line":1018,"column":0},"end":{"line":1018,"column":37}},"1018":{"start":{"line":1019,"column":0},"end":{"line":1019,"co
[...]
ine":345,"column":22},"end":{"line":346,"column":65}},"loc":{"start":{"line":345,"column":22},"end":{"line":346,"column":65}},"line":345},"11":{"name":"saveAwsCredentialsSecure","decl":{"start":{"line":348,"column":28},"end":{"line":349,"column":72}},"loc":{"start":{"line":348,"column":28},"end":{"line":349,"column":72}},"line":348},"12":{"name":"loadAwsCredentialsSecure","decl":{"start":{"line":351,"column":28},"end":{"line":352,"column":59}},"loc":{"start":{"line":351,"column":28},"end":{"line":352,"column":59}},"line":351},"13":{"name":"getConfig","decl":{"start":{"line":355,"column":13},"end":{"line":356,"column":25}},"loc":{"start":{"line":355,"column":13},"end":{"line":356,"column":25}},"line":355},"14":{"name":"setConfig","decl":{"start":{"line":358,"column":13},"end":{"line":359,"column":37}},"loc":{"start":{"line":358,"column":13},"end":{"line":359,"column":37}},"line":358},"15":{"name":"updateConfig","decl":{"start":{"line":361,"column":16},"end":{"line":362,"column":41}},"loc":{"start":{"line":361,"column":16},"end":{"line":362,"column":41}},"line":361},"16":{"name":"resetConfig","decl":{"start":{"line":364,"column":15},"end":{"line":365,"column":27}},"loc":{"start":{"line":364,"column":15},"end":{"line":365,"column":27}},"line":364},"17":{"name":"validateConfigFile","decl":{"start":{"line":367,"column":22},"end":{"line":368,"column":35}},"loc":{"start":{"line":367,"column":22},"end":{"line":368,"column":35}},"line":367},"18":{"name":"validateConfig","decl":{"start":{"line":370,"column":18},"end":{"line":371,"column":47}},"loc":{"start":{"line":370,"column":18},"end":{"line":371,"column":47}},"line":370},"19":{"name":"backupConfig","decl":{"start":{"line":373,"column":16},"end":{"line":374,"column":28}},"loc":{"start":{"line":373,"column":16},"end":{"line":374,"column":28}},"line":373},"20":{"name":"exportConfig","decl":{"start":{"line":376,"column":16},"end":{"line":377,"column":44}},"loc":{"start":{"line":376,"column":16},"end":{"line":377,"column":44}},"line":376},"21":{"name":"importConfig","decl":{"start":{"line":379,"column":16},"end":{"line":380,"column":44}},"loc":{"start":{"line":379,"column":16},"end":{"line":380,"column":44}},"line":379},"22":{"name":"restoreConfig","decl":{"start":{"line":382,"column":17},"end":{"line":383,"column":45}},"loc":{"start":{"line":382,"column":17},"end":{"line":383,"column":45}},"line":382},"23":{"name":"getAppState","decl":{"start":{"line":388,"column":15},"end":{"line":389,"column":28}},"loc":{"start":{"line":388,"column":15},"end":{"line":389,"column":28}},"line":388},"24":{"name":"setAppState","decl":{"start":{"line":391,"column":15},"end":{"line":392,"column":42}},"loc":{"start":{"line":391,"column":15},"end":{"line":392,"column":42}},"line":391},"25":{"name":"updateAppState","decl":{"start":{"line":394,"column":18},"end":{"line":395,"column":43}},"loc":{"start":{"line":394,"column":18},"end":{"line":395,"column":43}},"line":394},"26":{"name":"addToUploadQueue","decl":{"start":{"line":397,"column":20},"end":{"line":398,"column":48}},"loc":{"start":{"line":397,"column":20},"end":{"line":398,"column":48}},"line":397},"27":{"name":"removeUploadItem","decl":{"start":{"line":400,"column":20},"end":{"line":401,"column":45}},"loc":{"start":{"line":400,"column":20},"end":{"line":401,"column":45}},"line":400},"28":{"name":"updateSystemStats","decl":{"start":{"line":403,"column":21},"end":{"line":404,"column":34}},"loc":{"start":{"line":403,"column":21},"end":{"line":404,"column":34}},"line":403},"29":{"name":"resetAppState","decl":{"start":{"line":406,"column":17},"end":{"line":407,"column":30}},"loc":{"start":{"line":406,"column":17},"end":{"line":407,"column":30}},"line":406},"30":{"name":"initializeMetadataDb","decl":{"start":{"line":410,"column":24},"end":{"line":411,"column":37}},"loc":{"start":{"line":410,"column":24},"end":{"line":411,"column":37}},"line":410},"31":{"name":"createFileMetadata","decl":{"start":{"line":413,"column":22},"end":{"line":414,"column":49}},"loc":{"start":{"line":413,"column":22},"end":{"line":414,"column":49}},"line":413},"32":{"name":"saveFileMetadata","decl":{"start":{"line":416,"column":20},"end":{"line":417,"column":47}},"loc":{"start":{"line":416,"column":20},"end":{"line":417,"column":47}},"line":416},"33":{"name":"searchFileMetadata","decl":{"start":{"line":419,"column":22},"end":{"line":420,"column":46}},"loc":{"start":{"line":419,"column":22},"end":{"line":420,"column":46}},"line":419},"34":{"name":"updateFileMetadata","decl":{"start":{"line":422,"column":22},"end":{"line":423,"column":49}},"loc":{"start":{"line":422,"column":22},"end":{"line":423,"column":49}},"line":422},"35":{"name":"deleteFileMetadata","decl":{"start":{"line":425,"column":22},"end":{"line":426,"column":49}},"loc":{"start":{"line":425,"column":22},"end":{"line":426,"column":49}},"line":425},"36":{"name":"getAllTags","decl":{"start":{"line":428,"column":14},"end":{"line":429,"column":27}},"loc":{"start":{"line":428,"column":14},"end":{"line":429,"column":27}},"line":428},"37":{"name":"initializeUploadQueue","decl":{"start":{"line":432,"column":25},"end":{"line":433,"column":50}},"loc":{"start":{"line":432,"column":25},"end":{"line":433,"column":50}},"line":432},"38":{"name":"openFileDialog","decl":{"start":{"line":435,"column":18},"end":{"line":436,"column":56}},"loc":{"start":{"line":435,"column":18},"end":{"line":436,"column":56}},"line":435},"39":{"name":"addFilesToUploadQueue","decl":{"start":{"line":438,"column":25},"end":{"line":439,"column":68}},"loc":{"start":{"line":438,"column":25},"end":{"line":439,"column":68}},"line":438},"40":{"name":"startUploadProcessing","decl":{"start":{"line":441,"column":25},"end":{"line":442,"column":38}},"loc":{"start":{"line":441,"column":25},"end":{"line":442,"column":38}},"line":441},"41":{"name":"stopUploadProcessing","decl":{"start":{"line":444,"column":24},"end":{"line":445,"column":37}},"loc":{"start":{"line":444,"column":24},"end":{"line":445,"column":37}},"line":444},"42":{"name":"getUploadQueueStatus","decl":{"start":{"line":447,"column":24},"end":{"line":448,"column":38}},"loc":{"start":{"line":447,"column":24},"end":{"line":448,"column":38}},"line":447},"43":{"name":"getUploadQueueItems","decl":{"start":{"line":450,"column":23},"end":{"line":451,"column":37}},"loc":{"start":{"line":450,"column":23},"end":{"line":451,"column":37}},"line":450},"44":{"name":"retryUploadItem","decl":{"start":{"line":453,"column":19},"end":{"line":454,"column":44}},"loc":{"start":{"line":453,"column":19},"end":{"line":454,"column":44}},"line":453},"45":{"name":"clearUploadQueue","decl":{"start":{"line":456,"column":20},"end":{"line":457,"column":33}},"loc":{"start":{"line":456,"column":20},"end":{"line":457,"column":33}},"line":456},"46":{"name":"testUploadConfig","decl":{"start":{"line":459,"column":20},"end":{"line":460,"column":45}},"loc":{"start":{"line":459,"column":20},"end":{"line":460,"column":45}},"line":459},"47":{"name":"checkRestoreStatus","decl":{"start":{"line":463,"column":22},"end":{"line":464,"column":54}},"loc":{"start":{"line":463,"column":22},"end":{"line":464,"column":54}},"line":463},"48":{"name":"getRestoreNotifications","decl":{"start":{"line":466,"column":27},"end":{"line":467,"column":40}},"loc":{"start":{"line":466,"column":27},"end":{"line":467,"column":40}},"line":466},"49":{"name":"downloadS3File","decl":{"start":{"line":469,"column":18},"end":{"line":470,"column":61}},"loc":{"start":{"line":469,"column":18},"end":{"line":470,"column":61}},"line":469},"50":{"name":"downloadRestoredFile","decl":{"start":{"line":472,"column":24},"end":{"line":473,"column":67}},"loc":{"start":{"line":472,"column":24},"end":{"line":473,"column":67}},"line":472},"51":{"name":"listRestoreJobs","decl":{"start":{"line":475,"column":19},"end":{"line":476,"column":32}},"loc":{"start":{"line":475,"column":19},"end":{"line":476,"column":32}},"line":475},"52":{"name":"cancelRestoreJob","decl":{"start":{"line":478,"column":20},"end":{"line":479,"column":44}},"loc":{"start":{"line":478,"column":20},"end":{"line":479,"column":44}},"line":478},"53":{"name":"clearRestoreHistory","decl":{"start":{"line":481,"column":23},"end":{"line":482,"column":36}},"loc":{"start":{"line":481,"column":23},"end":{"line":482,"column":36}},"line":481},"54":{"name":"enableReelvaultLifecycle","decl":{"start":{"line":485,"column":28},"end":{"line":486,"column":53}},"loc":{"start":{"line":485,"column":28},"end":{"line":486,"column":53}},"line":485},"55":{"name":"getLifecycleStatus","decl":{"start":{"line":488,"column":22},"end":{"line":489,"column":47}},"loc":{"start":{"line":488,"column":22},"end":{"line":489,"column":47}},"line":488},"56":{"name":"disableLifecyclePolicy","decl":{"start":{"line":491,"column":26},"end":{"line":492,"column":51}},"loc":{"start":{"line":491,"column":26},"end":{"line":492,"column":51}},"line":491},"57":{"name":"listLifecycleRules","decl":{"start":{"line":494,"column":22},"end":{"line":495,"column":47}},"loc":{"start":{"line":494,"column":22},"end":{"line":495,"column":47}},"line":494},"58":{"name":"validateLifecycleConfig","decl":{"start":{"line":497,"column":27},"end":{"line":498,"column":52}},"loc":{"start":{"line":497,"column":27},"end":{"line":498,"column":52}},"line":497},"59":{"name":"checkUploadReadiness","decl":{"start":{"line":500,"column":24},"end":{"line":501,"column":49}},"loc":{"start":{"line":500,"column":24},"end":{"line":501,"column":49}},"line":500}},"f":{"0":0,"1":0,"2":0,"3":0,"4":0,"5":0,"6":0,"7":0,"8":0,"9":0,"10":0,"11":0,"12":0,"13":0,"14":0,"15":0,"16":0,"17":0,"18":0,"19":0,"20":0,"21":0,"22":0,"23":0,"24":0,"25":0,"26":0,"27":0,"28":0,"29":0,"30":0,"31":0,"32":0,"33":0,"34":0,"35":0,"36":0,"37":0,"38":0,"39":0,"40":0,"41":0,"42":0,"43":0,"44":0,"45":0,"46":0,"47":0,"48":0,"49":0,"50":0,"51":0,"52":0,"53":0,"54":0,"55":0,"56":0,"57":0,"58":0,"59":0}}
,"/Users/kazuki/Develop/Own/ReelVault/src/utils/debug.ts": {"path":"/Users/kazuki/Develop/Own/ReelVault/src/utils/debug.ts","all":false,"statementMap":{"6":{"start":{"line":7,"column":0},"end":{"line":7,"column":61}},"9":{"start":{"line":10,"column":0},"end":{"line":10,"column":37}},"10":{"start":{"line":11,"column":0},"end":{"line":11,"column":48}},"11":{"start":{"line":12,"column":0},"end":{"line":12,"column":2}},"17":{"start":{"line":18,"column":0},"end":{"line":18,"column":41}},"20":{"start":{"line":21,"column":0},"end":{"line":21,"column":44}},"21":{"start":{"line":22,"column":0},"end":{"line":22,"column":7}},"23":{"start":{"line":24,"column":0},"end":{"line":24,"column":63}},"24":{"start":{"line":25,"column":0},"end":{"line":25,"column":20}},"25":{"start":{"line":26,"column":0},"end":{"line":26,"column":43}},"26":{"start":{"line":27,"column":0},"end":{"line":27,"column":54}},"27":{"start":{"line":28,"column":0},"end":{"line":28,"column":33}},"28":{"start":{"line":29,"column":0},"end":{"line":29,"column":23}},"29":{"start":{"line":30,"column":0},"end":{"line":30,"column":7}},"30":{"start":{"line":31,"column":0},"end":{"line":31,"column":5}},"31":{"start":{"line":32,"column":0},"end":{"line":32,"column":19}},"32":{"start":{"line":33,"column":0},"end":{"line":33,"column":65}},"33":{"start":{"line":34,"column":0},"end":{"line":34,"column":3}},"36":{"start":{"line":37,"column":0},"end":{"line":37,"column":16}},"37":{"start":{"line":38,"column":0},"end":{"line":38,"column":2}},"40":{"start":{"line":41,"column":0},"end":{"line":41,"column":45}},"41":{"start":{"line":42,"column":0},"end":{"line":42,"column":44}},"43":{"start":{"line":44,"column":0},"end":{"line":44,"column":63}},"44":{"start":{"line":45,"column":0},"end":{"line":45,"column":67}},"45":{"start":{"line":46,"column":0},"end":{"line":46,"column":35}},"46":{"start":{"line":47,"column":0},"end":{"line":47,"column":48}},"47":{"start":{"line":48,"column":0},"end":{"line":48,"column":12}},"48":{"start":{"line":49,"column":0},"end":{"line":49,"column":41}},"49":{"start":{"line":50,"column":0},"end":{"line":50,"column":5}},"50":{"start":{"line":51,"column":0},"end":{"line":51,"column":3}},"52":{"start":{"line":53,"column":0},"end":{"line":53,"column":30}},"53":{"start":{"line":54,"column":0},"end":{"line":54,"column":22}},"54":{"start":{"line":55,"column":0},"end":{"line":55,"column":2}},"57":{"start":{"line":58,"column":0},"end":{"line":58,"column":58}},"59":{"start":{"line":60,"column":0},"end":{"line":60,"column":32}},"60":{"start":{"line":61,"column":0},"end":{"line":61,"column":2}},"62":{"start":{"line":63,"column":0},"end":{"line":63,"column":59}},"64":{"start":{"line":65,"column":0},"end":{"line":65,"column":34}},"65":{"start":{"line":66,"column":0},"end":{"line":66,"column":2}},"67":{"start":{"line":68,"column":0},"end":{"line":68,"column":58}},"69":{"start":{"line":70,"column":0},"end":{"line":70,"column":33}},"70":{"start":{"line":71,"column":0},"end":{"line":71,"column":2}},"72":{"start":{"line":73,"column":0},"end":{"line":73,"column":59}},"74":{"start":{"line":75,"column":0},"end":{"line":75,"column":56}},"75":{"start":{"line":76,"column":0},"end":{"line":76,"column":33}},"76":{"start":{"line":77,"column":0},"end":{"line":77,"column":45}},"77":{"start":{"line":78,"column":0},"end":{"line":78,"column":3}},"78":{"start":{"line":79,"column":0},"end":{"line":79,"column":2}},"81":{"start":{"line":82,"column":0},"end":{"line":82,"column":33}},"82":{"start":{"line":83,"column":0},"end":{"line":83,"column":35}},"83":{"start":{"line":84,"column":0},"end":{"line":84,"column":33}},"84":{"start":{"line":85,"column":0},"end":{"line":85,"column":33}},"87":{"start":{"line":88,"column":0},"end":{"line":88,"column":44}},"88":{"start":{"line":89,"column":0},"end":{"line":89,"column":42}},"89":{"start":{"line":90,"column":0},"end":{"line":90,"column":2}},"92":{"start":{"line":93,"column":0},"end":{"line":93,"column":41}},"93":{"start":{"line":94,"column":0},"end":{"line":94,"column":57}},"94":{"start":{"line":95,"column":0},"end":{"line":95,"column":41}},"95":{"start":{"line":96,"column":0},"end":{"line":96,"column":41}},"96":{"start":{"line":97,"column":0},"end":{"line":97,"column":41}},"97":{"start":{"line":98,"column":0},"end":{"line":98,"column":33}},"98":{"start":{"line":99,"column":0},"end":{"line":99,"column":59}},"99":{"start":{"line":100,"column":0},"end":{"line":100,"column":34}},"100":{"start":{"line":101,"column":0},"end":{"line":101,"column":7}},"101":{"start":{"line":102,"column":0},"end":{"line":102,"column":3}},"102":{"start":{"line":103,"column":0},"end":{"line":103,"column":2}}},"s":{"6":1,"9":1,"10":1,"11":1,"17":1,"20":1,"21":8,"23":8,"24":8,"25":8,"26":8,"27":8,"28":4,"29":4,"30":8,"31":8,"32":1,"33":1,"36":4,"37":4,"40":1,"41":8,"43":8,"44":6,"45":6,"46":3,"47":3,"48":3,"49":3,"50":6,"52":8,"53":8,"54":8,"57":1,"59":2,"60":2,"62":1,"64":2,"65":2,"67":1,"69":2,"70":2,"72":1,"74":3,"75":3,"76":2,"77":2,"78":3,"81":1,"82":1,"83":1,"84":1,"87":1,"88":5,"89":5,"92":1,"93":2,"94":1,"95":1,"96":1,"97":1,"98":1,"99":1,"100":1,"101":1,"102":2},"branchMap":{"0":{"type":"branch","line":10,"loc":{"start":{"line":10,"column":21},"end":{"line":12,"column":2}},"locations":[{"start":{"line":10,"column":21},"end":{"line":12,"column":2}}]},"1":{"type":"branch","line":21,"loc":{"start":{"line":21,"column":27},"end":{"line":38,"column":2}},"locations":[{"start":{"line":21,"column":27},"end":{"line":38,"column":2}}]},"2":{"type":"branch","line":27,"loc":{"start":{"line":27,"column":30},"end":{"line":27,"column":54}},"locations":[{"start":{"line":27,"column":30},"end":{"line":27,"column":54}}]},"3":{"type":"branch","line":28,"loc":{"start":{"line":28,"column":32},"end":{"line":30,"column":7}},"locations":[{"start":{"line":28,"column":32},"end":{"line":30,"column":7}}]},"4":{"type":"branch","line":32,"loc":{"start":{"line":32,"column":2},"end":{"line":34,"column":3}},"locations":[{"start":{"line":32,"column":2},"end":{"line":34,"column":3}}]},"5":{"type":"branch","line":34,"loc":{"start":{"line":34,"column":2},"end":{"line":38,"column":2}},"locations":[{"start":{"line":34,"column":2},"end":{"line":38,"column":2}}]},"6":{"type":"branch","line":41,"loc":{"start":{"line":41,"column":28},"end":{"line":55,"column":2}},"locations":[{"start":{"line":41,"column":28},"end":{"line":55,"column":2}}]},"7":{"type":"branch","line":44,"loc":{"start":{"line":44,"column":23},"end":{"line":44,"column":62}},"locations":[{"start":{"line":44,"column":23},"end":{"line":44,"column":62}}]},"8":{"type":"branch","line":44,"loc":{"start":{"line":44,"column":62},"end":{"line":51,"column":3}},"locations":[{"start":{"line":44,"column":62},"end":{"line":51,"column":3}}]},"9":{"type":"branch","line":46,"loc":{"start":{"line":46,"column":34},"end":{"line":50,"column":5}},"locations":[{"start":{"line":46,"column":34},"end":{"line":50,"column":5}}]},"10":{"type":"branch","line":58,"loc":{"start":{"line":58,"column":23},"end":{"line":61,"column":2}},"locations":[{"start":{"line":58,"column":23},"end":{"line":61,"column":2}}]},"11":{"type":"branch","line":63,"loc":{"start":{"line":63,"column":24},"end":{"line":66,"column":2}},"locations":[{"start":{"line":63,"column":24},"end":{"line":66,"column":2}}]},"12":{"type":"branch","line":68,"loc":{"start":{"line":68,"column":23},"end":{"line":71,"column":2}},"locations":[{"start":{"line":68,"column":23},"end":{"line":71,"column":2}}]},"13":{"type":"branch","line":73,"loc":{"start":{"line":73,"column":24},"end":{"line":79,"column":2}},"locations":[{"start":{"line":73,"column":24},"end":{"line":79,"column":2}}]},"14":{"type":"branch","line":76,"loc":{"start":{"line":76,"column":32},"end":{"line":78,"column":3}},"locations":[{"start":{"line":76,"column":32},"end":{"line":78,"column":3}}]},"15":{"type":"branch","line":88,"loc":{"start":{"line":88,"column":27},"end":{"line":90,"column":2}},"locations":[{"start":{"line":88,"column":27},"end":{"line":90,"column":2}}]},"16":{"type":"branch","line":93,"loc":{"start":{"line":93,"column":34},"end":{"line":103,"column":2}},"locations":[{"start":{"line":93,"column":34},"end":{"line":103,"column":2}}]},"17":{"type":"branch","line":94,"loc":{"start":{"line":94,"column":56},"end":{"line":102,"column":3}},"locations":[{"start":{"line":94,"column":56},"end":{"line":102,"column":3}}]}},"b":{"0":[1],"1":[8],"2":[7],"3":[4],"4":[1],"5":[4],"6":[8],"7":[7],"8":[6],"9":[3],"10":[2],"11":[2],"12":[2],"13":[3],"14":[2],"15":[5],"16":[2],"17":[1]},"fnMap":{"0":{"name":"isDev","decl":{"start":{"line":10,"column":21},"end":{"line":12,"column":2}},"loc":{"start":{"line":10,"column":21},"end":{"line":12,"column":2}},"line":10},"1":{"name":"getCurrentLogLevel","decl":{"start":{"line":21,"column":27},"end":{"line":38,"column":2}},"loc":{"start":{"line":21,"column":27},"end":{"line":38,"column":2}},"line":21},"2":{"name":"checkLogLevelChange","decl":{"start":{"line":41,"column":28},"end":{"line":55,"column":2}},"loc":{"start":{"line":41,"column":28},"end":{"line":55,"column":2}},"line":41},"3":{"name":"logInfo","decl":{"start":{"line":58,"column":23},"end":{"line":61,"column":2}},"loc":{"start":{"line":58,"column":23},"end":{"line":61,"column":2}},"line":58},"4":{"name":"logError","decl":{"start":{"line":63,"column":24},"end":{"line":66,"column":2}},"loc":{"start":{"line":63,"column":24},"end":{"line":66,"column":2}},"line":63},"5":{"name":"logWarn","decl":{"start":{"line":68,"column":23},"end":{"line":71,"column":2}},"loc":{"start":{"line":68,"column":23},"end":{"line":71,"column":2}},"line":68},"6":{"name":"logDebug","decl":{"start":{"line":73,"column":24},"end":{"line":79,"column":2}},"loc":{"start":{"line":73,"column":24},"end":{"line":79,"column":2}},"line":73},"7":{"name":"getLogLevel","decl":{"start":{"line":88,"column":27},"end":{"line":90,"column":2}},"loc":{"start":{"line":88,"column":27},"end":{"line":90,"column":2}},"line":88},"8":{"name":"logEnvironmentInfo","decl":{"start":{"line":93,"column":34},"end":{"line":103,"column":2}},"loc":{"start":{"line":93,"column":34},"end":{"line":103,"column":2}},"line":93}},"f":{"0":1,"1":8,"2":8,"3":2,"4":2,"5":2,"6":3,"7":5,"8":2}}
}
